<<<<<<< HEAD
This is pdfTeX, Version 3.14159265-2.6-1.40.21 (TeX Live 2020/W32TeX) (preloaded format=pdflatex 2020.10.29)  14 JAN 2021 00:09
=======
This is pdfTeX, Version 3.14159265-2.6-1.40.21 (TeX Live 2020/W32TeX) (preloaded format=pdflatex 2020.10.20)  14 JAN 2021 00:45
>>>>>>> docH
entering extended mode
 restricted \write18 enabled.
 %&-line parsing enabled.
**PROGI_ProjektnaDokumentacija_v6.tex
(./PROGI_ProjektnaDokumentacija_v6.tex
<<<<<<< HEAD
LaTeX2e <2020-10-01> patch level 2
L3 programming layer <2020-10-27> xparse <2020-03-03>
(d:/TexToPdf/texlive/2020/texmf-dist/tex/latex/base/report.cls
=======
LaTeX2e <2020-10-01> patch level 1
L3 programming layer <2020-10-05> xparse <2020-03-03>
(c:/texlive/2020/texmf-dist/tex/latex/base/report.cls
>>>>>>> docH
Document Class: report 2020/04/10 v1.4m Standard LaTeX document class
(d:/TexToPdf/texlive/2020/texmf-dist/tex/latex/base/size12.clo
File: size12.clo 2020/04/10 v1.4m Standard LaTeX file (size option)
)
\c@part=\count175
\c@chapter=\count176
\c@section=\count177
\c@subsection=\count178
\c@subsubsection=\count179
\c@paragraph=\count180
\c@subparagraph=\count181
\c@figure=\count182
\c@table=\count183
\abovecaptionskip=\skip47
\belowcaptionskip=\skip48
\bibindent=\dimen138
)
<<<<<<< HEAD
(d:/TexToPdf/texlive/2020/texmf-dist/tex/generic/babel/babel.sty
Package: babel 2020/10/27 3.51 The Babel package

(d:/TexToPdf/texlive/2020/texmf-dist/tex/generic/babel/babel.def
File: babel.def 2020/10/27 3.51 Babel common definitions
=======
(c:/texlive/2020/texmf-dist/tex/generic/babel/babel.sty
Package: babel 2020/10/06 3.50 The Babel package

(c:/texlive/2020/texmf-dist/tex/generic/babel/babel.def
File: babel.def 2020/10/06 3.50 Babel common definitions
>>>>>>> docH
\babel@savecnt=\count184
\U@D=\dimen139
\l@babelnohyphens=\language86

(d:/TexToPdf/texlive/2020/texmf-dist/tex/generic/babel/txtbabel.def)
\bbl@readstream=\read2
)
\bbl@dirlevel=\count185

(d:/TexToPdf/texlive/2020/texmf-dist/tex/generic/babel-croatian/croatian.ldf
Language: croatian 2014/03/31 v1.3m Croatian support from the babel system
))
(d:/TexToPdf/texlive/2020/texmf-dist/tex/latex/amsfonts/amssymb.sty
Package: amssymb 2013/01/14 v3.01 AMS font symbols

(d:/TexToPdf/texlive/2020/texmf-dist/tex/latex/amsfonts/amsfonts.sty
Package: amsfonts 2013/01/14 v3.01 Basic AMSFonts support
\@emptytoks=\toks15
\symAMSa=\mathgroup4
\symAMSb=\mathgroup5
LaTeX Font Info:    Redeclaring math symbol \hbar on input line 98.
LaTeX Font Info:    Overwriting math alphabet `\mathfrak' in version `bold'
(Font)                  U/euf/m/n --> U/euf/b/n on input line 106.
))
(d:/TexToPdf/texlive/2020/texmf-dist/tex/latex/amsmath/amsmath.sty
Package: amsmath 2020/09/23 v2.17i AMS math features
\@mathmargin=\skip49

For additional information on amsmath, use the `?' option.
(d:/TexToPdf/texlive/2020/texmf-dist/tex/latex/amsmath/amstext.sty
Package: amstext 2000/06/29 v2.01 AMS text

(d:/TexToPdf/texlive/2020/texmf-dist/tex/latex/amsmath/amsgen.sty
File: amsgen.sty 1999/11/30 v2.0 generic functions
\@emptytoks=\toks16
\ex@=\dimen140
))
(d:/TexToPdf/texlive/2020/texmf-dist/tex/latex/amsmath/amsbsy.sty
Package: amsbsy 1999/11/29 v1.2d Bold Symbols
\pmbraise@=\dimen141
)
(d:/TexToPdf/texlive/2020/texmf-dist/tex/latex/amsmath/amsopn.sty
Package: amsopn 2016/03/08 v2.02 operator names
)
\inf@bad=\count186
LaTeX Info: Redefining \frac on input line 234.
\uproot@=\count187
\leftroot@=\count188
LaTeX Info: Redefining \overline on input line 399.
\classnum@=\count189
\DOTSCASE@=\count190
LaTeX Info: Redefining \ldots on input line 496.
LaTeX Info: Redefining \dots on input line 499.
LaTeX Info: Redefining \cdots on input line 620.
\Mathstrutbox@=\box47
\strutbox@=\box48
\big@size=\dimen142
LaTeX Font Info:    Redeclaring font encoding OML on input line 743.
LaTeX Font Info:    Redeclaring font encoding OMS on input line 744.
\macc@depth=\count191
\c@MaxMatrixCols=\count192
\dotsspace@=\muskip16
\c@parentequation=\count193
\dspbrk@lvl=\count194
\tag@help=\toks17
\row@=\count195
\column@=\count196
\maxfields@=\count197
\andhelp@=\toks18
\eqnshift@=\dimen143
\alignsep@=\dimen144
\tagshift@=\dimen145
\tagwidth@=\dimen146
\totwidth@=\dimen147
\lineht@=\dimen148
\@envbody=\toks19
\multlinegap=\skip50
\multlinetaggap=\skip51
\mathdisplay@stack=\toks20
LaTeX Info: Redefining \[ on input line 2923.
LaTeX Info: Redefining \] on input line 2924.
)
(d:/TexToPdf/texlive/2020/texmf-dist/tex/latex/txfonts/txfonts.sty
Package: txfonts 2008/01/22 v3.2.1
LaTeX Font Info:    Redeclaring symbol font `operators' on input line 21.
LaTeX Font Info:    Overwriting symbol font `operators' in version `normal'
(Font)                  OT1/cmr/m/n --> OT1/txr/m/n on input line 21.
LaTeX Font Info:    Overwriting symbol font `operators' in version `bold'
(Font)                  OT1/cmr/bx/n --> OT1/txr/m/n on input line 21.
LaTeX Font Info:    Overwriting symbol font `operators' in version `bold'
(Font)                  OT1/txr/m/n --> OT1/txr/bx/n on input line 22.
\symitalic=\mathgroup6
LaTeX Font Info:    Overwriting symbol font `italic' in version `bold'
(Font)                  OT1/txr/m/it --> OT1/txr/bx/it on input line 26.
LaTeX Font Info:    Redeclaring math alphabet \mathbf on input line 29.
LaTeX Font Info:    Overwriting math alphabet `\mathbf' in version `normal'
(Font)                  OT1/cmr/bx/n --> OT1/txr/bx/n on input line 29.
LaTeX Font Info:    Overwriting math alphabet `\mathbf' in version `bold'
(Font)                  OT1/cmr/bx/n --> OT1/txr/bx/n on input line 29.
LaTeX Font Info:    Redeclaring math alphabet \mathit on input line 30.
LaTeX Font Info:    Overwriting math alphabet `\mathit' in version `normal'
(Font)                  OT1/cmr/m/it --> OT1/txr/m/it on input line 30.
LaTeX Font Info:    Overwriting math alphabet `\mathit' in version `bold'
(Font)                  OT1/cmr/bx/it --> OT1/txr/m/it on input line 30.
LaTeX Font Info:    Overwriting math alphabet `\mathit' in version `bold'
(Font)                  OT1/txr/m/it --> OT1/txr/bx/it on input line 31.
LaTeX Font Info:    Redeclaring math alphabet \mathsf on input line 40.
LaTeX Font Info:    Overwriting math alphabet `\mathsf' in version `normal'
(Font)                  OT1/cmss/m/n --> OT1/txss/m/n on input line 40.
LaTeX Font Info:    Overwriting math alphabet `\mathsf' in version `bold'
(Font)                  OT1/cmss/bx/n --> OT1/txss/m/n on input line 40.
LaTeX Font Info:    Overwriting math alphabet `\mathsf' in version `bold'
(Font)                  OT1/txss/m/n --> OT1/txss/b/n on input line 41.
LaTeX Font Info:    Redeclaring math alphabet \mathtt on input line 50.
LaTeX Font Info:    Overwriting math alphabet `\mathtt' in version `normal'
(Font)                  OT1/cmtt/m/n --> OT1/txtt/m/n on input line 50.
LaTeX Font Info:    Overwriting math alphabet `\mathtt' in version `bold'
(Font)                  OT1/cmtt/m/n --> OT1/txtt/m/n on input line 50.
LaTeX Font Info:    Overwriting math alphabet `\mathtt' in version `bold'
(Font)                  OT1/txtt/m/n --> OT1/txtt/b/n on input line 51.
LaTeX Font Info:    Redeclaring symbol font `letters' on input line 58.
LaTeX Font Info:    Overwriting symbol font `letters' in version `normal'
(Font)                  OML/cmm/m/it --> OML/txmi/m/it on input line 58.
LaTeX Font Info:    Overwriting symbol font `letters' in version `bold'
(Font)                  OML/cmm/b/it --> OML/txmi/m/it on input line 58.
LaTeX Font Info:    Overwriting symbol font `letters' in version `bold'
(Font)                  OML/txmi/m/it --> OML/txmi/bx/it on input line 59.
\symlettersA=\mathgroup7
LaTeX Font Info:    Overwriting symbol font `lettersA' in version `bold'
(Font)                  U/txmia/m/it --> U/txmia/bx/it on input line 67.
LaTeX Font Info:    Redeclaring math alphabet \mathfrak on input line 70.
LaTeX Font Info:    Redeclaring symbol font `symbols' on input line 77.
LaTeX Font Info:    Overwriting symbol font `symbols' in version `normal'
(Font)                  OMS/cmsy/m/n --> OMS/txsy/m/n on input line 77.
LaTeX Font Info:    Overwriting symbol font `symbols' in version `bold'
(Font)                  OMS/cmsy/b/n --> OMS/txsy/m/n on input line 77.
LaTeX Font Info:    Overwriting symbol font `symbols' in version `bold'
(Font)                  OMS/txsy/m/n --> OMS/txsy/bx/n on input line 78.
LaTeX Font Info:    Redeclaring symbol font `AMSa' on input line 93.
LaTeX Font Info:    Overwriting symbol font `AMSa' in version `normal'
(Font)                  U/msa/m/n --> U/txsya/m/n on input line 93.
LaTeX Font Info:    Overwriting symbol font `AMSa' in version `bold'
(Font)                  U/msa/m/n --> U/txsya/m/n on input line 93.
LaTeX Font Info:    Overwriting symbol font `AMSa' in version `bold'
(Font)                  U/txsya/m/n --> U/txsya/bx/n on input line 94.
LaTeX Font Info:    Redeclaring symbol font `AMSb' on input line 102.
LaTeX Font Info:    Overwriting symbol font `AMSb' in version `normal'
(Font)                  U/msb/m/n --> U/txsyb/m/n on input line 102.
LaTeX Font Info:    Overwriting symbol font `AMSb' in version `bold'
(Font)                  U/msb/m/n --> U/txsyb/m/n on input line 102.
LaTeX Font Info:    Overwriting symbol font `AMSb' in version `bold'
(Font)                  U/txsyb/m/n --> U/txsyb/bx/n on input line 103.
\symsymbolsC=\mathgroup8
LaTeX Font Info:    Overwriting symbol font `symbolsC' in version `bold'
(Font)                  U/txsyc/m/n --> U/txsyc/bx/n on input line 113.
LaTeX Font Info:    Redeclaring symbol font `largesymbols' on input line 120.
LaTeX Font Info:    Overwriting symbol font `largesymbols' in version `normal'
(Font)                  OMX/cmex/m/n --> OMX/txex/m/n on input line 120.
LaTeX Font Info:    Overwriting symbol font `largesymbols' in version `bold'
(Font)                  OMX/cmex/m/n --> OMX/txex/m/n on input line 120.
LaTeX Font Info:    Overwriting symbol font `largesymbols' in version `bold'
(Font)                  OMX/txex/m/n --> OMX/txex/bx/n on input line 121.
\symlargesymbolsA=\mathgroup9
LaTeX Font Info:    Overwriting symbol font `largesymbolsA' in version `bold'
(Font)                  U/txexa/m/n --> U/txexa/bx/n on input line 129.
LaTeX Font Info:    Redeclaring math symbol \mathsterling on input line 164.
LaTeX Info: Redefining \not on input line 1043.
)
(d:/TexToPdf/texlive/2020/texmf-dist/tex/generic/mathdots/mathdots.sty
Package: mathdots 2014/06/11 v0.9 Improve and add various macros for dots in ma
th.
\MDo@unit=\dimen149
\MDo@dotsbox=\box49
\MDoprekern=\muskip17
\MDopostkern=\muskip18
\MDodotkern=\muskip19
)
(d:/TexToPdf/texlive/2020/texmf-dist/tex/latex/titlesec/titlesec.sty
Package: titlesec 2019/10/16 v2.13 Sectioning titles
\ttl@box=\box50
\beforetitleunit=\skip52
\aftertitleunit=\skip53
\ttl@plus=\dimen150
\ttl@minus=\dimen151
\ttl@toksa=\toks21
\titlewidth=\dimen152
\titlewidthlast=\dimen153
\titlewidthfirst=\dimen154
)
(d:/TexToPdf/texlive/2020/texmf-dist/tex/latex/tools/array.sty
Package: array 2020/10/01 v2.5c Tabular extension package (FMi)
\col@sep=\dimen155
\ar@mcellbox=\box51
\extrarowheight=\dimen156
\NC@list=\toks22
\extratabsurround=\skip54
\backup@length=\skip55
\ar@cellbox=\box52
)
(d:/TexToPdf/texlive/2020/texmf-dist/tex/latex/lastpage/lastpage.sty
Package: lastpage 2015/03/29 v1.2m Refers to last page's name (HMM; JPG)
)
(d:/TexToPdf/texlive/2020/texmf-dist/tex/latex/etoolbox/etoolbox.sty
Package: etoolbox 2020/10/05 v2.5k e-TeX tools for LaTeX (JAW)
\etb@tempcnta=\count198
)
(d:/TexToPdf/texlive/2020/texmf-dist/tex/latex/tools/longtable.sty
Package: longtable 2020/01/07 v4.13 Multi-page Table package (DPC)
\LTleft=\skip56
\LTright=\skip57
\LTpre=\skip58
\LTpost=\skip59
\LTchunksize=\count199
\LTcapwidth=\dimen157
\LT@head=\box53
\LT@firsthead=\box54
\LT@foot=\box55
\LT@lastfoot=\box56
\LT@cols=\count266
\LT@rows=\count267
\c@LT@tables=\count268
\c@LT@chunks=\count269
\LT@p@ftn=\toks23
)
(d:/TexToPdf/texlive/2020/texmf-dist/tex/latex/tabu/tabu.sty
Package: tabu 2019/01/11 v2.9 - flexible LaTeX tabulars (FC+tabu-fixed)

(d:/TexToPdf/texlive/2020/texmf-dist/tex/latex/varwidth/varwidth.sty
Package: varwidth 2009/03/30 ver 0.92;  Variable-width minipages
\@vwid@box=\box57
\sift@deathcycles=\count270
\@vwid@loff=\dimen158
\@vwid@roff=\dimen159
)
\c@taburow=\count271
\tabu@nbcols=\count272
\tabu@cnt=\count273
\tabu@Xcol=\count274
\tabu@alloc=\count275
\tabu@nested=\count276
\tabu@target=\dimen160
\tabu@spreadtarget=\dimen161
\tabu@naturalX=\dimen162
\tabucolX=\dimen163
\tabu@Xsum=\dimen164
\extrarowdepth=\dimen165
\abovetabulinesep=\dimen166
\belowtabulinesep=\dimen167
\tabustrutrule=\dimen168
\tabu@thebody=\toks24
\tabu@footnotes=\toks25
\tabu@box=\box58
\tabu@arstrutbox=\box59
\tabu@hleads=\box60
\tabu@vleads=\box61
\tabu@cellskip=\skip60
)
(d:/TexToPdf/texlive/2020/texmf-dist/tex/latex/graphics/color.sty
Package: color 2020/02/24 v1.2b Standard LaTeX Color (DPC)

(d:/TexToPdf/texlive/2020/texmf-dist/tex/latex/graphics-cfg/color.cfg
File: color.cfg 2016/01/02 v1.6 sample color configuration
)
Package color Info: Driver file: pdftex.def on input line 147.

(d:/TexToPdf/texlive/2020/texmf-dist/tex/latex/graphics-def/pdftex.def
File: pdftex.def 2020/10/05 v1.2a Graphics/color driver for pdftex
))
(d:/TexToPdf/texlive/2020/texmf-dist/tex/latex/colortbl/colortbl.sty
Package: colortbl 2020/01/04 v1.0e Color table columns (DPC)
\everycr=\toks26
\minrowclearance=\skip61
)
(d:/TexToPdf/texlive/2020/texmf-dist/tex/latex/adjustbox/adjustbox.sty
Package: adjustbox 2020/08/19 v1.3 Adjusting TeX boxes (trim, clip, ...)

<<<<<<< HEAD
(d:/TexToPdf/texlive/2020/texmf-dist/tex/latex/xkeyval/xkeyval.sty
=======
(c:/texlive/2020/texmf-dist/tex/latex/xkeyval/xkeyval.sty
>>>>>>> docH
Package: xkeyval 2014/12/03 v2.7a package option processing (HA)

(d:/TexToPdf/texlive/2020/texmf-dist/tex/generic/xkeyval/xkeyval.tex
(d:/TexToPdf/texlive/2020/texmf-dist/tex/generic/xkeyval/xkvutils.tex
\XKV@toks=\toks27
\XKV@tempa@toks=\toks28

<<<<<<< HEAD
(d:/TexToPdf/texlive/2020/texmf-dist/tex/generic/xkeyval/keyval.tex))
=======
(c:/texlive/2020/texmf-dist/tex/generic/xkeyval/keyval.tex))
>>>>>>> docH
\XKV@depth=\count277
File: xkeyval.tex 2014/12/03 v2.7a key=value parser (HA)
))
(d:/TexToPdf/texlive/2020/texmf-dist/tex/latex/adjustbox/adjcalc.sty
Package: adjcalc 2012/05/16 v1.1 Provides advanced setlength with multiple back
-ends (calc, etex, pgfmath)
)
(d:/TexToPdf/texlive/2020/texmf-dist/tex/latex/adjustbox/trimclip.sty
Package: trimclip 2020/08/19 v1.2 Trim and clip general TeX material

(d:/TexToPdf/texlive/2020/texmf-dist/tex/latex/graphics/graphicx.sty
Package: graphicx 2020/09/09 v1.2b Enhanced LaTeX Graphics (DPC,SPQR)

(d:/TexToPdf/texlive/2020/texmf-dist/tex/latex/graphics/graphics.sty
Package: graphics 2020/08/30 v1.4c Standard LaTeX Graphics (DPC,SPQR)

(d:/TexToPdf/texlive/2020/texmf-dist/tex/latex/graphics/trig.sty
Package: trig 2016/01/03 v1.10 sin cos tan (DPC)
)
(d:/TexToPdf/texlive/2020/texmf-dist/tex/latex/graphics-cfg/graphics.cfg
File: graphics.cfg 2016/06/04 v1.11 sample graphics configuration
)
Package graphics Info: Driver file: pdftex.def on input line 105.
)
\Gin@req@height=\dimen169
\Gin@req@width=\dimen170
)
(d:/TexToPdf/texlive/2020/texmf-dist/tex/latex/collectbox/collectbox.sty
Package: collectbox 2012/05/17 v0.4b Collect macro arguments as boxes
\collectedbox=\box62
)
\tc@llx=\dimen171
\tc@lly=\dimen172
\tc@urx=\dimen173
\tc@ury=\dimen174
Package trimclip Info: Using driver 'tc-pdftex.def'.

(d:/TexToPdf/texlive/2020/texmf-dist/tex/latex/adjustbox/tc-pdftex.def
File: tc-pdftex.def 2019/01/04 v2.2 Clipping driver for pdftex
))
\adjbox@Width=\dimen175
\adjbox@Height=\dimen176
\adjbox@Depth=\dimen177
\adjbox@Totalheight=\dimen178
\adjbox@pwidth=\dimen179
\adjbox@pheight=\dimen180
\adjbox@pdepth=\dimen181
\adjbox@ptotalheight=\dimen182

(d:/TexToPdf/texlive/2020/texmf-dist/tex/latex/ifoddpage/ifoddpage.sty
Package: ifoddpage 2016/04/23 v1.1 Conditionals for odd/even page detection
\c@checkoddpage=\count278
))
(d:/TexToPdf/texlive/2020/texmf-dist/tex/latex/geometry/geometry.sty
Package: geometry 2020/01/02 v5.9 Page Geometry

(d:/TexToPdf/texlive/2020/texmf-dist/tex/generic/iftex/ifvtex.sty
Package: ifvtex 2019/10/25 v1.7 ifvtex legacy package. Use iftex instead.

(d:/TexToPdf/texlive/2020/texmf-dist/tex/generic/iftex/iftex.sty
Package: iftex 2020/03/06 v1.0d TeX engine tests
))
\Gm@cnth=\count279
\Gm@cntv=\count280
\c@Gm@tempcnt=\count281
\Gm@bindingoffset=\dimen183
\Gm@wd@mp=\dimen184
\Gm@odd@mp=\dimen185
\Gm@even@mp=\dimen186
\Gm@layoutwidth=\dimen187
\Gm@layoutheight=\dimen188
\Gm@layouthoffset=\dimen189
\Gm@layoutvoffset=\dimen190
\Gm@dimlist=\toks29
)
(d:/TexToPdf/texlive/2020/texmf-dist/tex/latex/kpfonts/kpfonts.sty
Package: kpfonts  2010/08/20 v3.31

(d:/TexToPdf/texlive/2020/texmf-dist/tex/latex/base/textcomp.sty
Package: textcomp 2020/02/02 v2.0n Standard LaTeX package
LaTeX Font Info:    Changing ? sub-encoding to TS1/0 on input line 75.
)
\c@mv@rm=\count282
\c@mv@boldrm=\count283
\c@mv@sf=\count284
\c@mv@boldsf=\count285
LaTeX Font Info:    Redeclaring symbol font `operators' on input line 354.
LaTeX Font Info:    Overwriting symbol font `operators' in version `normal'
(Font)                  OT1/txr/m/n --> OT1/jkp/m/n on input line 354.
LaTeX Font Info:    Overwriting symbol font `operators' in version `bold'
(Font)                  OT1/txr/bx/n --> OT1/jkp/m/n on input line 354.
LaTeX Font Info:    Overwriting symbol font `operators' in version `rm'
(Font)                  OT1/txr/m/n --> OT1/jkp/m/n on input line 354.
LaTeX Font Info:    Overwriting symbol font `operators' in version `boldrm'
(Font)                  OT1/txr/m/n --> OT1/jkp/m/n on input line 354.
LaTeX Font Info:    Overwriting symbol font `operators' in version `sf'
(Font)                  OT1/txr/m/n --> OT1/jkp/m/n on input line 354.
LaTeX Font Info:    Overwriting symbol font `operators' in version `boldsf'
(Font)                  OT1/txr/m/n --> OT1/jkp/m/n on input line 354.
LaTeX Font Info:    Overwriting symbol font `operators' in version `bold'
(Font)                  OT1/jkp/m/n --> OT1/jkp/b/n on input line 355.
LaTeX Font Info:    Overwriting symbol font `operators' in version `rm'
(Font)                  OT1/jkp/m/n --> OT1/jkp/m/n on input line 357.
LaTeX Font Info:    Overwriting symbol font `operators' in version `boldrm'
(Font)                  OT1/jkp/m/n --> OT1/jkp/b/n on input line 358.
LaTeX Font Info:    Overwriting symbol font `operators' in version `sf'
(Font)                  OT1/jkp/m/n --> OT1/jkpss/m/n on input line 359.
LaTeX Font Info:    Overwriting symbol font `operators' in version `boldsf'
(Font)                  OT1/jkp/m/n --> OT1/jkpss/b/n on input line 360.
LaTeX Font Info:    Redeclaring math alphabet \mathrm on input line 364.
LaTeX Font Info:    Overwriting math alphabet `\mathrm' in version `bold'
(Font)                  OT1/jkp/m/n --> OT1/jkp/b/n on input line 365.
LaTeX Font Info:    Overwriting math alphabet `\mathrm' in version `rm'
(Font)                  OT1/jkp/m/n --> OT1/jkp/m/n on input line 366.
LaTeX Font Info:    Overwriting math alphabet `\mathrm' in version `boldrm'
(Font)                  OT1/jkp/m/n --> OT1/jkp/b/n on input line 367.
LaTeX Font Info:    Overwriting math alphabet `\mathrm' in version `sf'
(Font)                  OT1/jkp/m/n --> OT1/jkp/m/n on input line 368.
LaTeX Font Info:    Overwriting math alphabet `\mathrm' in version `boldsf'
(Font)                  OT1/jkp/m/n --> OT1/jkp/b/n on input line 369.
LaTeX Font Info:    Redeclaring math alphabet \mathbf on input line 378.
LaTeX Font Info:    Overwriting math alphabet `\mathbf' in version `normal'
(Font)                  OT1/txr/bx/n --> OT1/jkp/b/n on input line 378.
LaTeX Font Info:    Overwriting math alphabet `\mathbf' in version `bold'
(Font)                  OT1/txr/bx/n --> OT1/jkp/b/n on input line 378.
LaTeX Font Info:    Overwriting math alphabet `\mathbf' in version `rm'
(Font)                  OT1/cmr/bx/n --> OT1/jkp/b/n on input line 378.
LaTeX Font Info:    Overwriting math alphabet `\mathbf' in version `boldrm'
(Font)                  OT1/cmr/bx/n --> OT1/jkp/b/n on input line 378.
LaTeX Font Info:    Overwriting math alphabet `\mathbf' in version `sf'
(Font)                  OT1/cmr/bx/n --> OT1/jkp/b/n on input line 378.
LaTeX Font Info:    Overwriting math alphabet `\mathbf' in version `boldsf'
(Font)                  OT1/cmr/bx/n --> OT1/jkp/b/n on input line 378.
LaTeX Font Info:    Overwriting math alphabet `\mathbf' in version `bold'
(Font)                  OT1/jkp/b/n --> OT1/jkp/b/n on input line 379.
LaTeX Font Info:    Overwriting math alphabet `\mathbf' in version `rm'
(Font)                  OT1/jkp/b/n --> OT1/jkp/b/n on input line 381.
LaTeX Font Info:    Overwriting math alphabet `\mathbf' in version `boldrm'
(Font)                  OT1/jkp/b/n --> OT1/jkp/b/n on input line 382.
LaTeX Font Info:    Overwriting math alphabet `\mathbf' in version `sf'
(Font)                  OT1/jkp/b/n --> OT1/jkpss/b/n on input line 383.
LaTeX Font Info:    Overwriting math alphabet `\mathbf' in version `boldsf'
(Font)                  OT1/jkp/b/n --> OT1/jkpss/b/n on input line 384.
LaTeX Font Info:    Redeclaring math alphabet \mathit on input line 390.
LaTeX Font Info:    Overwriting math alphabet `\mathit' in version `normal'
(Font)                  OT1/txr/m/it --> OT1/jkp/m/it on input line 390.
LaTeX Font Info:    Overwriting math alphabet `\mathit' in version `bold'
(Font)                  OT1/txr/bx/it --> OT1/jkp/m/it on input line 390.
LaTeX Font Info:    Overwriting math alphabet `\mathit' in version `rm'
(Font)                  OT1/cmr/m/it --> OT1/jkp/m/it on input line 390.
LaTeX Font Info:    Overwriting math alphabet `\mathit' in version `boldrm'
(Font)                  OT1/cmr/m/it --> OT1/jkp/m/it on input line 390.
LaTeX Font Info:    Overwriting math alphabet `\mathit' in version `sf'
(Font)                  OT1/cmr/m/it --> OT1/jkp/m/it on input line 390.
LaTeX Font Info:    Overwriting math alphabet `\mathit' in version `boldsf'
(Font)                  OT1/cmr/m/it --> OT1/jkp/m/it on input line 390.
LaTeX Font Info:    Overwriting math alphabet `\mathit' in version `bold'
(Font)                  OT1/jkp/m/it --> OT1/jkp/b/it on input line 391.
LaTeX Font Info:    Overwriting math alphabet `\mathit' in version `rm'
(Font)                  OT1/jkp/m/it --> OT1/jkp/m/it on input line 393.
LaTeX Font Info:    Overwriting math alphabet `\mathit' in version `boldrm'
(Font)                  OT1/jkp/m/it --> OT1/jkp/b/it on input line 394.
LaTeX Font Info:    Overwriting math alphabet `\mathit' in version `sf'
(Font)                  OT1/jkp/m/it --> OT1/jkpss/m/it on input line 395.
LaTeX Font Info:    Overwriting math alphabet `\mathit' in version `boldsf'
(Font)                  OT1/jkp/m/it --> OT1/jkpss/b/it on input line 396.
LaTeX Font Info:    Redeclaring math alphabet \mathsf on input line 401.
LaTeX Font Info:    Overwriting math alphabet `\mathsf' in version `normal'
(Font)                  OT1/txss/m/n --> OT1/jkpss/m/n on input line 401.
LaTeX Font Info:    Overwriting math alphabet `\mathsf' in version `bold'
(Font)                  OT1/txss/b/n --> OT1/jkpss/m/n on input line 401.
LaTeX Font Info:    Overwriting math alphabet `\mathsf' in version `rm'
(Font)                  OT1/cmss/m/n --> OT1/jkpss/m/n on input line 401.
LaTeX Font Info:    Overwriting math alphabet `\mathsf' in version `boldrm'
(Font)                  OT1/cmss/m/n --> OT1/jkpss/m/n on input line 401.
LaTeX Font Info:    Overwriting math alphabet `\mathsf' in version `sf'
(Font)                  OT1/cmss/m/n --> OT1/jkpss/m/n on input line 401.
LaTeX Font Info:    Overwriting math alphabet `\mathsf' in version `boldsf'
(Font)                  OT1/cmss/m/n --> OT1/jkpss/m/n on input line 401.
LaTeX Font Info:    Overwriting math alphabet `\mathsf' in version `bold'
(Font)                  OT1/jkpss/m/n --> OT1/jkpss/b/n on input line 402.
LaTeX Font Info:    Overwriting math alphabet `\mathsf' in version `rm'
(Font)                  OT1/jkpss/m/n --> OT1/jkpss/m/n on input line 403.
LaTeX Font Info:    Overwriting math alphabet `\mathsf' in version `boldrm'
(Font)                  OT1/jkpss/m/n --> OT1/jkpss/b/n on input line 404.
LaTeX Font Info:    Overwriting math alphabet `\mathsf' in version `sf'
(Font)                  OT1/jkpss/m/n --> OT1/jkpss/m/n on input line 405.
LaTeX Font Info:    Overwriting math alphabet `\mathsf' in version `boldsf'
(Font)                  OT1/jkpss/m/n --> OT1/jkpss/b/n on input line 406.
LaTeX Font Info:    Redeclaring math alphabet \mathtt on input line 410.
LaTeX Font Info:    Overwriting math alphabet `\mathtt' in version `normal'
(Font)                  OT1/txtt/m/n --> OT1/jkptt/m/n on input line 410.
LaTeX Font Info:    Overwriting math alphabet `\mathtt' in version `bold'
(Font)                  OT1/txtt/b/n --> OT1/jkptt/m/n on input line 410.
LaTeX Font Info:    Overwriting math alphabet `\mathtt' in version `rm'
(Font)                  OT1/cmtt/m/n --> OT1/jkptt/m/n on input line 410.
LaTeX Font Info:    Overwriting math alphabet `\mathtt' in version `boldrm'
(Font)                  OT1/cmtt/m/n --> OT1/jkptt/m/n on input line 410.
LaTeX Font Info:    Overwriting math alphabet `\mathtt' in version `sf'
(Font)                  OT1/cmtt/m/n --> OT1/jkptt/m/n on input line 410.
LaTeX Font Info:    Overwriting math alphabet `\mathtt' in version `boldsf'
(Font)                  OT1/cmtt/m/n --> OT1/jkptt/m/n on input line 410.
LaTeX Font Info:    Overwriting math alphabet `\mathtt' in version `bold'
(Font)                  OT1/jkptt/m/n --> OT1/jkptt/b/n on input line 411.
LaTeX Font Info:    Overwriting math alphabet `\mathtt' in version `rm'
(Font)                  OT1/jkptt/m/n --> OT1/jkptt/m/n on input line 412.
LaTeX Font Info:    Overwriting math alphabet `\mathtt' in version `boldrm'
(Font)                  OT1/jkptt/m/n --> OT1/jkptt/b/n on input line 413.
LaTeX Font Info:    Overwriting math alphabet `\mathtt' in version `sf'
(Font)                  OT1/jkptt/m/n --> OT1/jkptt/m/n on input line 414.
LaTeX Font Info:    Overwriting math alphabet `\mathtt' in version `boldsf'
(Font)                  OT1/jkptt/m/n --> OT1/jkptt/b/n on input line 415.
LaTeX Font Info:    Redeclaring symbol font `letters' on input line 423.
LaTeX Font Info:    Overwriting symbol font `letters' in version `normal'
(Font)                  OML/txmi/m/it --> OML/jkp/m/it on input line 423.
LaTeX Font Info:    Overwriting symbol font `letters' in version `bold'
(Font)                  OML/txmi/bx/it --> OML/jkp/m/it on input line 423.
LaTeX Font Info:    Overwriting symbol font `letters' in version `rm'
(Font)                  OML/txmi/m/it --> OML/jkp/m/it on input line 423.
LaTeX Font Info:    Overwriting symbol font `letters' in version `boldrm'
(Font)                  OML/txmi/m/it --> OML/jkp/m/it on input line 423.
LaTeX Font Info:    Overwriting symbol font `letters' in version `sf'
(Font)                  OML/txmi/m/it --> OML/jkp/m/it on input line 423.
LaTeX Font Info:    Overwriting symbol font `letters' in version `boldsf'
(Font)                  OML/txmi/m/it --> OML/jkp/m/it on input line 423.
LaTeX Font Info:    Overwriting symbol font `letters' in version `bold'
(Font)                  OML/jkp/m/it --> OML/jkp/bx/it on input line 424.
LaTeX Font Info:    Overwriting symbol font `letters' in version `rm'
(Font)                  OML/jkp/m/it --> OML/jkp/m/it on input line 426.
LaTeX Font Info:    Overwriting symbol font `letters' in version `boldrm'
(Font)                  OML/jkp/m/it --> OML/jkp/bx/it on input line 427.
LaTeX Font Info:    Overwriting symbol font `letters' in version `sf'
(Font)                  OML/jkp/m/it --> OML/jkpss/m/it on input line 428.
LaTeX Font Info:    Overwriting symbol font `letters' in version `boldsf'
(Font)                  OML/jkp/m/it --> OML/jkpss/bx/it on input line 429.
LaTeX Font Info:    Redeclaring symbol font `lettersA' on input line 438.
LaTeX Font Info:    Overwriting symbol font `lettersA' in version `normal'
(Font)                  U/txmia/m/it --> U/jkpmia/m/it on input line 438.
LaTeX Font Info:    Overwriting symbol font `lettersA' in version `bold'
(Font)                  U/txmia/bx/it --> U/jkpmia/m/it on input line 438.
LaTeX Font Info:    Overwriting symbol font `lettersA' in version `rm'
(Font)                  U/txmia/m/it --> U/jkpmia/m/it on input line 438.
LaTeX Font Info:    Overwriting symbol font `lettersA' in version `boldrm'
(Font)                  U/txmia/m/it --> U/jkpmia/m/it on input line 438.
LaTeX Font Info:    Overwriting symbol font `lettersA' in version `sf'
(Font)                  U/txmia/m/it --> U/jkpmia/m/it on input line 438.
LaTeX Font Info:    Overwriting symbol font `lettersA' in version `boldsf'
(Font)                  U/txmia/m/it --> U/jkpmia/m/it on input line 438.
LaTeX Font Info:    Overwriting symbol font `lettersA' in version `bold'
(Font)                  U/jkpmia/m/it --> U/jkpmia/bx/it on input line 439.
LaTeX Font Info:    Overwriting symbol font `lettersA' in version `rm'
(Font)                  U/jkpmia/m/it --> U/jkpmia/m/it on input line 441.
LaTeX Font Info:    Overwriting symbol font `lettersA' in version `boldrm'
(Font)                  U/jkpmia/m/it --> U/jkpmia/bx/it on input line 442.
LaTeX Font Info:    Overwriting symbol font `lettersA' in version `sf'
(Font)                  U/jkpmia/m/it --> U/jkpssmia/m/it on input line 443.
LaTeX Font Info:    Overwriting symbol font `lettersA' in version `boldsf'
(Font)                  U/jkpmia/m/it --> U/jkpssmia/bx/it on input line 444.
LaTeX Font Info:    Redeclaring symbol font `symbols' on input line 456.
LaTeX Font Info:    Overwriting symbol font `symbols' in version `normal'
(Font)                  OMS/txsy/m/n --> OMS/jkp/m/n on input line 456.
LaTeX Font Info:    Overwriting symbol font `symbols' in version `bold'
(Font)                  OMS/txsy/bx/n --> OMS/jkp/m/n on input line 456.
LaTeX Font Info:    Overwriting symbol font `symbols' in version `rm'
(Font)                  OMS/txsy/m/n --> OMS/jkp/m/n on input line 456.
LaTeX Font Info:    Overwriting symbol font `symbols' in version `boldrm'
(Font)                  OMS/txsy/m/n --> OMS/jkp/m/n on input line 456.
LaTeX Font Info:    Overwriting symbol font `symbols' in version `sf'
(Font)                  OMS/txsy/m/n --> OMS/jkp/m/n on input line 456.
LaTeX Font Info:    Overwriting symbol font `symbols' in version `boldsf'
(Font)                  OMS/txsy/m/n --> OMS/jkp/m/n on input line 456.
LaTeX Font Info:    Overwriting symbol font `symbols' in version `bold'
(Font)                  OMS/jkp/m/n --> OMS/jkp/bx/n on input line 457.
LaTeX Font Info:    Overwriting symbol font `symbols' in version `rm'
(Font)                  OMS/jkp/m/n --> OMS/jkp/m/n on input line 459.
LaTeX Font Info:    Overwriting symbol font `symbols' in version `boldrm'
(Font)                  OMS/jkp/m/n --> OMS/jkp/bx/n on input line 460.
LaTeX Font Info:    Overwriting symbol font `symbols' in version `sf'
(Font)                  OMS/jkp/m/n --> OMS/jkp/m/n on input line 461.
LaTeX Font Info:    Overwriting symbol font `symbols' in version `boldsf'
(Font)                  OMS/jkp/m/n --> OMS/jkp/bx/n on input line 462.
LaTeX Font Info:    Redeclaring symbol font `AMSa' on input line 475.
LaTeX Font Info:    Overwriting symbol font `AMSa' in version `normal'
(Font)                  U/txsya/m/n --> U/jkpsya/m/n on input line 475.
LaTeX Font Info:    Overwriting symbol font `AMSa' in version `bold'
(Font)                  U/txsya/bx/n --> U/jkpsya/m/n on input line 475.
LaTeX Font Info:    Overwriting symbol font `AMSa' in version `rm'
(Font)                  U/txsya/m/n --> U/jkpsya/m/n on input line 475.
LaTeX Font Info:    Overwriting symbol font `AMSa' in version `boldrm'
(Font)                  U/txsya/m/n --> U/jkpsya/m/n on input line 475.
LaTeX Font Info:    Overwriting symbol font `AMSa' in version `sf'
(Font)                  U/txsya/m/n --> U/jkpsya/m/n on input line 475.
LaTeX Font Info:    Overwriting symbol font `AMSa' in version `boldsf'
(Font)                  U/txsya/m/n --> U/jkpsya/m/n on input line 475.
LaTeX Font Info:    Overwriting symbol font `AMSa' in version `bold'
(Font)                  U/jkpsya/m/n --> U/jkpsya/bx/n on input line 476.
LaTeX Font Info:    Overwriting symbol font `AMSa' in version `rm'
(Font)                  U/jkpsya/m/n --> U/jkpsya/m/n on input line 477.
LaTeX Font Info:    Overwriting symbol font `AMSa' in version `boldrm'
(Font)                  U/jkpsya/m/n --> U/jkpsya/bx/n on input line 478.
LaTeX Font Info:    Overwriting symbol font `AMSa' in version `sf'
(Font)                  U/jkpsya/m/n --> U/jkpsya/m/n on input line 479.
LaTeX Font Info:    Overwriting symbol font `AMSa' in version `boldsf'
(Font)                  U/jkpsya/m/n --> U/jkpsya/bx/n on input line 480.
LaTeX Font Info:    Redeclaring symbol font `AMSb' on input line 528.
LaTeX Font Info:    Overwriting symbol font `AMSb' in version `normal'
(Font)                  U/txsyb/m/n --> U/jkpsyb/m/n on input line 528.
LaTeX Font Info:    Overwriting symbol font `AMSb' in version `bold'
(Font)                  U/txsyb/bx/n --> U/jkpsyb/m/n on input line 528.
LaTeX Font Info:    Overwriting symbol font `AMSb' in version `rm'
(Font)                  U/txsyb/m/n --> U/jkpsyb/m/n on input line 528.
LaTeX Font Info:    Overwriting symbol font `AMSb' in version `boldrm'
(Font)                  U/txsyb/m/n --> U/jkpsyb/m/n on input line 528.
LaTeX Font Info:    Overwriting symbol font `AMSb' in version `sf'
(Font)                  U/txsyb/m/n --> U/jkpsyb/m/n on input line 528.
LaTeX Font Info:    Overwriting symbol font `AMSb' in version `boldsf'
(Font)                  U/txsyb/m/n --> U/jkpsyb/m/n on input line 528.
LaTeX Font Info:    Overwriting symbol font `AMSb' in version `bold'
(Font)                  U/jkpsyb/m/n --> U/jkpsyb/bx/n on input line 529.
LaTeX Font Info:    Overwriting symbol font `AMSb' in version `rm'
(Font)                  U/jkpsyb/m/n --> U/jkpsyb/m/n on input line 530.
LaTeX Font Info:    Overwriting symbol font `AMSb' in version `boldrm'
(Font)                  U/jkpsyb/m/n --> U/jkpsyb/bx/n on input line 531.
LaTeX Font Info:    Overwriting symbol font `AMSb' in version `sf'
(Font)                  U/jkpsyb/m/n --> U/jkpsssyb/m/n on input line 532.
LaTeX Font Info:    Overwriting symbol font `AMSb' in version `boldsf'
(Font)                  U/jkpsyb/m/n --> U/jkpsssyb/bx/n on input line 533.
LaTeX Font Info:    Redeclaring symbol font `symbolsC' on input line 548.
LaTeX Font Info:    Overwriting symbol font `symbolsC' in version `normal'
(Font)                  U/txsyc/m/n --> U/jkpsyc/m/n on input line 548.
LaTeX Font Info:    Overwriting symbol font `symbolsC' in version `bold'
(Font)                  U/txsyc/bx/n --> U/jkpsyc/m/n on input line 548.
LaTeX Font Info:    Overwriting symbol font `symbolsC' in version `rm'
(Font)                  U/txsyc/m/n --> U/jkpsyc/m/n on input line 548.
LaTeX Font Info:    Overwriting symbol font `symbolsC' in version `boldrm'
(Font)                  U/txsyc/m/n --> U/jkpsyc/m/n on input line 548.
LaTeX Font Info:    Overwriting symbol font `symbolsC' in version `sf'
(Font)                  U/txsyc/m/n --> U/jkpsyc/m/n on input line 548.
LaTeX Font Info:    Overwriting symbol font `symbolsC' in version `boldsf'
(Font)                  U/txsyc/m/n --> U/jkpsyc/m/n on input line 548.
LaTeX Font Info:    Overwriting symbol font `symbolsC' in version `bold'
(Font)                  U/jkpsyc/m/n --> U/jkpsyc/bx/n on input line 549.
LaTeX Font Info:    Overwriting symbol font `symbolsC' in version `rm'
(Font)                  U/jkpsyc/m/n --> U/jkpsyc/m/n on input line 551.
LaTeX Font Info:    Overwriting symbol font `symbolsC' in version `boldrm'
(Font)                  U/jkpsyc/m/n --> U/jkpsyc/bx/n on input line 552.
LaTeX Font Info:    Overwriting symbol font `symbolsC' in version `sf'
(Font)                  U/jkpsyc/m/n --> U/jkpsyc/m/n on input line 553.
LaTeX Font Info:    Overwriting symbol font `symbolsC' in version `boldsf'
(Font)                  U/jkpsyc/m/n --> U/jkpsyc/bx/n on input line 554.
LaTeX Font Info:    Overwriting math alphabet `\mathscr' in version `bold'
(Font)                  U/jkpsyd/m/n --> U/jkpsyd/bx/n on input line 583.
LaTeX Font Info:    Overwriting math alphabet `\mathscr' in version `rm'
(Font)                  U/jkpsyd/m/n --> U/jkpsyd/m/n on input line 585.
LaTeX Font Info:    Overwriting math alphabet `\mathscr' in version `boldrm'
(Font)                  U/jkpsyd/m/n --> U/jkpsyd/bx/n on input line 586.
LaTeX Font Info:    Overwriting math alphabet `\mathscr' in version `sf'
(Font)                  U/jkpsyd/m/n --> U/jkpsyd/m/n on input line 587.
LaTeX Font Info:    Overwriting math alphabet `\mathscr' in version `boldsf'
(Font)                  U/jkpsyd/m/n --> U/jkpsyd/bx/n on input line 588.
LaTeX Font Info:    Redeclaring symbol font `largesymbols' on input line 598.
LaTeX Font Info:    Overwriting symbol font `largesymbols' in version `normal'
(Font)                  OMX/txex/m/n --> OMX/jkp/m/n on input line 598.
LaTeX Font Info:    Overwriting symbol font `largesymbols' in version `bold'
(Font)                  OMX/txex/bx/n --> OMX/jkp/m/n on input line 598.
LaTeX Font Info:    Overwriting symbol font `largesymbols' in version `rm'
(Font)                  OMX/txex/m/n --> OMX/jkp/m/n on input line 598.
LaTeX Font Info:    Overwriting symbol font `largesymbols' in version `boldrm'
(Font)                  OMX/txex/m/n --> OMX/jkp/m/n on input line 598.
LaTeX Font Info:    Overwriting symbol font `largesymbols' in version `sf'
(Font)                  OMX/txex/m/n --> OMX/jkp/m/n on input line 598.
LaTeX Font Info:    Overwriting symbol font `largesymbols' in version `boldsf'
(Font)                  OMX/txex/m/n --> OMX/jkp/m/n on input line 598.
LaTeX Font Info:    Overwriting symbol font `largesymbols' in version `bold'
(Font)                  OMX/jkp/m/n --> OMX/jkp/bx/n on input line 599.
LaTeX Font Info:    Overwriting symbol font `largesymbols' in version `rm'
(Font)                  OMX/jkp/m/n --> OMX/jkp/m/n on input line 601.
LaTeX Font Info:    Overwriting symbol font `largesymbols' in version `boldrm'
(Font)                  OMX/jkp/m/n --> OMX/jkp/bx/n on input line 602.
LaTeX Font Info:    Overwriting symbol font `largesymbols' in version `sf'
(Font)                  OMX/jkp/m/n --> OMX/jkpss/m/n on input line 603.
LaTeX Font Info:    Overwriting symbol font `largesymbols' in version `boldsf'
(Font)                  OMX/jkp/m/n --> OMX/jkpss/bx/n on input line 604.
LaTeX Font Info:    Redeclaring symbol font `largesymbolsA' on input line 614.
LaTeX Font Info:    Overwriting symbol font `largesymbolsA' in version `normal'

(Font)                  U/txexa/m/n --> U/jkpexa/m/n on input line 614.
LaTeX Font Info:    Overwriting symbol font `largesymbolsA' in version `bold'
(Font)                  U/txexa/bx/n --> U/jkpexa/m/n on input line 614.
LaTeX Font Info:    Overwriting symbol font `largesymbolsA' in version `rm'
(Font)                  U/txexa/m/n --> U/jkpexa/m/n on input line 614.
LaTeX Font Info:    Overwriting symbol font `largesymbolsA' in version `boldrm'

(Font)                  U/txexa/m/n --> U/jkpexa/m/n on input line 614.
LaTeX Font Info:    Overwriting symbol font `largesymbolsA' in version `sf'
(Font)                  U/txexa/m/n --> U/jkpexa/m/n on input line 614.
LaTeX Font Info:    Overwriting symbol font `largesymbolsA' in version `boldsf'

(Font)                  U/txexa/m/n --> U/jkpexa/m/n on input line 614.
LaTeX Font Info:    Overwriting symbol font `largesymbolsA' in version `bold'
(Font)                  U/jkpexa/m/n --> U/jkpexa/bx/n on input line 615.
LaTeX Font Info:    Overwriting symbol font `largesymbolsA' in version `rm'
(Font)                  U/jkpexa/m/n --> U/jkpexa/m/n on input line 617.
LaTeX Font Info:    Overwriting symbol font `largesymbolsA' in version `boldrm'

(Font)                  U/jkpexa/m/n --> U/jkpexa/bx/n on input line 618.
LaTeX Font Info:    Overwriting symbol font `largesymbolsA' in version `sf'
(Font)                  U/jkpexa/m/n --> U/jkpexa/m/n on input line 619.
LaTeX Font Info:    Overwriting symbol font `largesymbolsA' in version `boldsf'

(Font)                  U/jkpexa/m/n --> U/jkpexa/bx/n on input line 620.
LaTeX Font Info:    Redeclaring math symbol \n@tch@r on input line 1578.
LaTeX Info: Redefining \not on input line 1580.
)
(d:/TexToPdf/texlive/2020/texmf-dist/tex/latex/hyperref/hyperref.sty
Package: hyperref 2020-05-15 v7.00e Hypertext links for LaTeX

(d:/TexToPdf/texlive/2020/texmf-dist/tex/generic/ltxcmds/ltxcmds.sty
Package: ltxcmds 2020-05-10 v1.25 LaTeX kernel commands for general use (HO)
)
(d:/TexToPdf/texlive/2020/texmf-dist/tex/generic/pdftexcmds/pdftexcmds.sty
Package: pdftexcmds 2020-06-27 v0.33 Utility functions of pdfTeX for LuaTeX (HO
)

(d:/TexToPdf/texlive/2020/texmf-dist/tex/generic/infwarerr/infwarerr.sty
Package: infwarerr 2019/12/03 v1.5 Providing info/warning/error messages (HO)
)
Package pdftexcmds Info: \pdf@primitive is available.
Package pdftexcmds Info: \pdf@ifprimitive is available.
Package pdftexcmds Info: \pdfdraftmode found.
)
(d:/TexToPdf/texlive/2020/texmf-dist/tex/generic/kvsetkeys/kvsetkeys.sty
Package: kvsetkeys 2019/12/15 v1.18 Key value parser (HO)
)
(d:/TexToPdf/texlive/2020/texmf-dist/tex/generic/kvdefinekeys/kvdefinekeys.sty
Package: kvdefinekeys 2019-12-19 v1.6 Define keys (HO)
) (d:/TexToPdf/texlive/2020/texmf-dist/tex/generic/pdfescape/pdfescape.sty
Package: pdfescape 2019/12/09 v1.15 Implements pdfTeX's escape features (HO)
)
(d:/TexToPdf/texlive/2020/texmf-dist/tex/latex/hycolor/hycolor.sty
Package: hycolor 2020-01-27 v1.10 Color options for hyperref/bookmark (HO)
)
(d:/TexToPdf/texlive/2020/texmf-dist/tex/latex/letltxmacro/letltxmacro.sty
Package: letltxmacro 2019/12/03 v1.6 Let assignment for LaTeX macros (HO)
)
(d:/TexToPdf/texlive/2020/texmf-dist/tex/latex/auxhook/auxhook.sty
Package: auxhook 2019-12-17 v1.6 Hooks for auxiliary files (HO)
)
(d:/TexToPdf/texlive/2020/texmf-dist/tex/latex/kvoptions/kvoptions.sty
Package: kvoptions 2020-10-07 v3.14 Key value format for package options (HO)
)
\@linkdim=\dimen191
\Hy@linkcounter=\count286
\Hy@pagecounter=\count287

(d:/TexToPdf/texlive/2020/texmf-dist/tex/latex/hyperref/pd1enc.def
File: pd1enc.def 2020-05-15 v7.00e Hyperref: PDFDocEncoding definition (HO)
Now handling font encoding PD1 ...
... no UTF-8 mapping file for font encoding PD1
)
(d:/TexToPdf/texlive/2020/texmf-dist/tex/generic/intcalc/intcalc.sty
Package: intcalc 2019/12/15 v1.3 Expandable calculations with integers (HO)
)
(d:/TexToPdf/texlive/2020/texmf-dist/tex/generic/etexcmds/etexcmds.sty
Package: etexcmds 2019/12/15 v1.7 Avoid name clashes with e-TeX commands (HO)
)
\Hy@SavedSpaceFactor=\count288
Package hyperref Info: Hyper figures OFF on input line 4464.
Package hyperref Info: Link nesting OFF on input line 4469.
Package hyperref Info: Hyper index ON on input line 4472.
Package hyperref Info: Plain pages OFF on input line 4479.
Package hyperref Info: Backreferencing OFF on input line 4484.
Package hyperref Info: Implicit mode ON; LaTeX internals redefined.
Package hyperref Info: Bookmarks ON on input line 4717.
\c@Hy@tempcnt=\count289

(d:/TexToPdf/texlive/2020/texmf-dist/tex/latex/url/url.sty
\Urlmuskip=\muskip20
Package: url 2013/09/16  ver 3.4  Verb mode for urls, etc.
)
LaTeX Info: Redefining \url on input line 5076.
\XeTeXLinkMargin=\dimen192

(d:/TexToPdf/texlive/2020/texmf-dist/tex/generic/bitset/bitset.sty
Package: bitset 2019/12/09 v1.3 Handle bit-vector datatype (HO)

(d:/TexToPdf/texlive/2020/texmf-dist/tex/generic/bigintcalc/bigintcalc.sty
Package: bigintcalc 2019/12/15 v1.5 Expandable calculations on big integers (HO
)
))
\Fld@menulength=\count290
\Field@Width=\dimen193
\Fld@charsize=\dimen194
Package hyperref Info: Hyper figures OFF on input line 6347.
Package hyperref Info: Link nesting OFF on input line 6352.
Package hyperref Info: Hyper index ON on input line 6355.
Package hyperref Info: backreferencing OFF on input line 6362.
Package hyperref Info: Link coloring OFF on input line 6367.
Package hyperref Info: Link coloring with OCG OFF on input line 6372.
Package hyperref Info: PDF/A mode OFF on input line 6377.
LaTeX Info: Redefining \ref on input line 6417.
LaTeX Info: Redefining \pageref on input line 6421.

(d:/TexToPdf/texlive/2020/texmf-dist/tex/latex/base/atbegshi-ltx.sty
Package: atbegshi-ltx 2020/08/17 v1.0a Emulation of the original atbegshi packa
ge
with kernel methods
)
\Hy@abspage=\count291
\c@Item=\count292
\c@Hfootnote=\count293
)
Package hyperref Info: Driver (autodetected): hpdftex.

(d:/TexToPdf/texlive/2020/texmf-dist/tex/latex/hyperref/hpdftex.def
File: hpdftex.def 2020-05-15 v7.00e Hyperref driver for pdfTeX

(d:/TexToPdf/texlive/2020/texmf-dist/tex/latex/base/atveryend-ltx.sty
Package: atveryend-ltx 2020/08/19 v1.0a Emulation of the original atvery packag
e
with kernel methods
)
\Fld@listcount=\count294
\c@bookmark@seq@number=\count295

(d:/TexToPdf/texlive/2020/texmf-dist/tex/latex/rerunfilecheck/rerunfilecheck.st
y
Package: rerunfilecheck 2019/12/05 v1.9 Rerun checks for auxiliary files (HO)

(d:/TexToPdf/texlive/2020/texmf-dist/tex/generic/uniquecounter/uniquecounter.st
y
Package: uniquecounter 2019/12/15 v1.4 Provide unlimited unique counter (HO)
)
Package uniquecounter Info: New unique counter `rerunfilecheck' on input line 2
86.
)
\Hy@SectionHShift=\skip62
<<<<<<< HEAD
) (d:/TexToPdf/texlive/2020/texmf-dist/tex/latex/fancyhdr/fancyhdr.sty
=======
)
(c:/texlive/2020/texmf-dist/tex/latex/fancyhdr/fancyhdr.sty
>>>>>>> docH
Package: fancyhdr 2019/01/31 v3.10 Extensive control of page headers and footer
s
\f@nch@headwidth=\skip63
\f@nch@O@elh=\skip64
\f@nch@O@erh=\skip65
\f@nch@O@olh=\skip66
\f@nch@O@orh=\skip67
\f@nch@O@elf=\skip68
\f@nch@O@erf=\skip69
\f@nch@O@olf=\skip70
\f@nch@O@orf=\skip71
)
(d:/TexToPdf/texlive/2020/texmf-dist/tex/latex/xcolor/xcolor.sty
Package: xcolor 2016/05/11 v2.12 LaTeX color extensions (UK)

(d:/TexToPdf/texlive/2020/texmf-dist/tex/latex/graphics-cfg/color.cfg
File: color.cfg 2016/01/02 v1.6 sample color configuration
)
Package xcolor Info: Driver file: pdftex.def on input line 225.
LaTeX Info: Redefining \color on input line 709.
\rownum=\count296
Package xcolor Info: Model `cmy' substituted by `cmy0' on input line 1348.
Package xcolor Info: Model `hsb' substituted by `rgb' on input line 1352.
Package xcolor Info: Model `RGB' extended on input line 1364.
Package xcolor Info: Model `HTML' substituted by `rgb' on input line 1366.
Package xcolor Info: Model `Hsb' substituted by `hsb' on input line 1367.
Package xcolor Info: Model `tHsb' substituted by `hsb' on input line 1368.
Package xcolor Info: Model `HSB' substituted by `hsb' on input line 1369.
Package xcolor Info: Model `Gray' substituted by `gray' on input line 1370.
Package xcolor Info: Model `wave' substituted by `hsb' on input line 1371.
)
(d:/TexToPdf/texlive/2020/texmf-dist/tex/latex/tools/tabularx.sty
Package: tabularx 2020/01/15 v2.11c `tabularx' package (DPC)
\TX@col@width=\dimen195
\TX@old@table=\dimen196
\TX@old@col=\dimen197
\TX@target=\dimen198
\TX@delta=\dimen199
\TX@cols=\count297
\TX@ftn=\toks30
)
(d:/TexToPdf/texlive/2020/texmf-dist/tex/latex/float/float.sty
Package: float 2001/11/08 v1.3d Float enhancements (AL)
\c@float@type=\count298
\float@exts=\toks31
\float@box=\box63
\@float@everytoks=\toks32
\@floatcapt=\box64
)
(d:/TexToPdf/texlive/2020/texmf-dist/tex/latex/setspace/setspace.sty
Package: setspace 2011/12/19 v6.7a set line spacing
)
\@float@every@table=\toks33
Package hyperref Info: Option `colorlinks' set `true' on input line 43.
LaTeX Font Info:    Trying to load font information for OT1+jkp on input line 7
9.

(d:/TexToPdf/texlive/2020/texmf-dist/tex/latex/kpfonts/ot1jkp.fd
File: ot1jkp.fd 2007/08/30 Fontinst v1.928 font definitions for OT1/jkp.
)
<<<<<<< HEAD
(d:/TexToPdf/texlive/2020/texmf-dist/tex/latex/l3backend/l3backend-pdftex.def
=======
(c:/texlive/2020/texmf-dist/tex/latex/l3backend/l3backend-pdftex.def
>>>>>>> docH
File: l3backend-pdftex.def 2020-09-24 L3 backend support: PDF output (pdfTeX)
\l__kernel_color_stack_int=\count299
\l__pdf_internal_box=\box65
)
(./PROGI_ProjektnaDokumentacija_v6.aux (./Dnevnik_promjena_dokumentacije.aux)
(./Opis_projektnog_zadatka.aux) (./Specifikacija_programske_potpore.aux)
(./Arhitektura.aux) (./Implementacija.aux) (./Zakljucak.aux) (./Literatura.aux)
(./Dodatak.aux))
\openout1 = `PROGI_ProjektnaDokumentacija_v6.aux'.

LaTeX Font Info:    Checking defaults for OML/jkp/m/it on input line 79.
LaTeX Font Info:    Trying to load font information for OML+jkp on input line 7
9.

(d:/TexToPdf/texlive/2020/texmf-dist/tex/latex/kpfonts/omljkp.fd
File: omljkp.fd 2006/08/15 v1.0
)
LaTeX Font Info:    ... okay on input line 79.
LaTeX Font Info:    Checking defaults for OMS/jkp/m/n on input line 79.
LaTeX Font Info:    Trying to load font information for OMS+jkp on input line 7
9.

(d:/TexToPdf/texlive/2020/texmf-dist/tex/latex/kpfonts/omsjkp.fd
File: omsjkp.fd 2006/08/15 v1.0
)
LaTeX Font Info:    ... okay on input line 79.
LaTeX Font Info:    Checking defaults for OT1/cmr/m/n on input line 79.
LaTeX Font Info:    ... okay on input line 79.
LaTeX Font Info:    Checking defaults for T1/cmr/m/n on input line 79.
LaTeX Font Info:    ... okay on input line 79.
LaTeX Font Info:    Checking defaults for TS1/cmr/m/n on input line 79.
LaTeX Font Info:    ... okay on input line 79.
LaTeX Font Info:    Checking defaults for OMX/jkp/m/n on input line 79.
LaTeX Font Info:    Trying to load font information for OMX+jkp on input line 7
9.

(d:/TexToPdf/texlive/2020/texmf-dist/tex/latex/kpfonts/omxjkp.fd
File: omxjkp.fd 2006/08/15 v1.0
)
LaTeX Font Info:    ... okay on input line 79.
LaTeX Font Info:    Checking defaults for U/jkpexa/m/n on input line 79.
LaTeX Font Info:    Trying to load font information for U+jkpexa on input line 
79.

(d:/TexToPdf/texlive/2020/texmf-dist/tex/latex/kpfonts/ujkpexa.fd
File: ujkpexa.fd 2006/08/15 v1.0
)
LaTeX Font Info:    ... okay on input line 79.
LaTeX Font Info:    Checking defaults for PD1/pdf/m/n on input line 79.
LaTeX Font Info:    ... okay on input line 79.
Package lastpage Info: Please have a look at the pageslts package at
(lastpage)             https://www.ctan.org/pkg/pageslts
(lastpage)             ! on input line 79.

(d:/TexToPdf/texlive/2020/texmf-dist/tex/context/base/mkii/supp-pdf.mkii
[Loading MPS to PDF converter (version 2006.09.02).]
\scratchcounter=\count300
\scratchdimen=\dimen256
\scratchbox=\box66
\nofMPsegments=\count301
\nofMParguments=\count302
\everyMPshowfont=\toks34
\MPscratchCnt=\count303
\MPscratchDim=\dimen257
\MPnumerator=\count304
\makeMPintoPDFobject=\count305
\everyMPtoPDFconversion=\toks35
) (d:/TexToPdf/texlive/2020/texmf-dist/tex/latex/epstopdf-pkg/epstopdf-base.sty
Package: epstopdf-base 2020-01-24 v2.11 Base part for package epstopdf
Package epstopdf-base Info: Redefining graphics rule for `.eps' on input line 4
85.
(d:/TexToPdf/texlive/2020/texmf-dist/tex/latex/latexconfig/epstopdf-sys.cfg
File: epstopdf-sys.cfg 2010/07/13 v1.3 Configuration of (r)epstopdf for TeX Liv
e
))
*geometry* driver: auto-detecting
*geometry* detected driver: pdftex
*geometry* verbose mode - [ preamble ] result:
* driver: pdftex
* paper: a4paper
* layout: <same size as paper>
* layoutoffset:(h,v)=(0.0pt,0.0pt)
* modes: 
* h-part:(L,W,R)=(72.26999pt, 435.6108pt, 89.62709pt)
* v-part:(T,H,B)=(72.26999pt, 671.37021pt, 101.40665pt)
* \paperwidth=597.50787pt
* \paperheight=845.04684pt
* \textwidth=435.6108pt
* \textheight=671.37021pt
* \oddsidemargin=0.0pt
* \evensidemargin=0.0pt
* \topmargin=-37.0pt
* \headheight=12.0pt
* \headsep=25.0pt
* \topskip=12.0pt
* \footskip=30.0pt
* \marginparwidth=44.0pt
* \marginparsep=10.0pt
* \columnsep=10.0pt
* \skip\footins=10.8pt plus 4.0pt minus 2.0pt
* \hoffset=0.0pt
* \voffset=0.0pt
* \mag=1000
* \@twocolumnfalse
* \@twosidefalse
* \@mparswitchfalse
* \@reversemarginfalse
* (1in=72.27pt=25.4mm, 1cm=28.453pt)

Package hyperref Info: Link coloring ON on input line 79.
(d:/TexToPdf/texlive/2020/texmf-dist/tex/latex/hyperref/nameref.sty
Package: nameref 2019/09/16 v2.46 Cross-referencing by name of section

(d:/TexToPdf/texlive/2020/texmf-dist/tex/latex/refcount/refcount.sty
Package: refcount 2019/12/15 v3.6 Data extraction from label references (HO)
)
(d:/TexToPdf/texlive/2020/texmf-dist/tex/generic/gettitlestring/gettitlestring.
sty
Package: gettitlestring 2019/12/15 v1.6 Cleanup title references (HO)
)
\c@section@level=\count306
)
LaTeX Info: Redefining \ref on input line 79.
LaTeX Info: Redefining \pageref on input line 79.
LaTeX Info: Redefining \nameref on input line 79.
 (./PROGI_ProjektnaDokumentacija_v6.out)
(./PROGI_ProjektnaDokumentacija_v6.out)
\@outlinefile=\write3
\openout3 = `PROGI_ProjektnaDokumentacija_v6.out'.

LaTeX Font Info:    Trying to load font information for U+jkpsya on input line 
91.

(d:/TexToPdf/texlive/2020/texmf-dist/tex/latex/kpfonts/ujkpsya.fd
File: ujkpsya.fd 2006/08/15 v1.0
)
LaTeX Font Info:    Trying to load font information for U+jkpsyb on input line 
91.

(d:/TexToPdf/texlive/2020/texmf-dist/tex/latex/kpfonts/ujkpsyb.fd
File: ujkpsyb.fd 2006/08/15 v1.0
)
LaTeX Font Info:    Trying to load font information for OT1+txr on input line 9
1.

(d:/TexToPdf/texlive/2020/texmf-dist/tex/latex/txfonts/ot1txr.fd
File: ot1txr.fd 2000/12/15 v3.1
)
LaTeX Font Info:    Trying to load font information for U+jkpmia on input line 
91.

(d:/TexToPdf/texlive/2020/texmf-dist/tex/latex/kpfonts/ujkpmia.fd
File: ujkpmia.fd 2006/08/15 v1.0
)
LaTeX Font Info:    Trying to load font information for U+jkpsyc on input line 
91.

(d:/TexToPdf/texlive/2020/texmf-dist/tex/latex/kpfonts/ujkpsyc.fd
File: ujkpsyc.fd 2006/08/15 v1.0
) [1

{d:/TexToPdf/texlive/2020/texmf-var/fonts/map/pdftex/updmap/pdftex.map}]
(./PROGI_ProjektnaDokumentacija_v6.toc

Package Fancyhdr Warning: \headheight is too small (12.0pt): 
Make it at least 14.49998pt.
We now make it that large for the rest of the document.
This may cause the page layout to be inconsistent, however.

pdfTeX warning (ext4): destination with the same identifier (name{page.1}) has 
been already used, duplicate ignored
<to be read again> 
                   \relax 
<<<<<<< HEAD
l.31 ...mberline {6.3}Zakljuak}{58}{section.6.3}
=======
l.31 ...mberline {6.3}Zakljuak}{61}{section.6.3}
>>>>>>> docH
                                                  % [1

])
\tf@toc=\write4
\openout4 = `PROGI_ProjektnaDokumentacija_v6.toc'.

 [2]
\openout2 = `Dnevnik_promjena_dokumentacije.aux'.


(./Dnevnik_promjena_dokumentacije.tex
Poglavlje 1.

Underfull \hbox (badness 10000) in paragraph at lines 3--4

 []


Overfull \hbox (6.59265pt too wide) in paragraph at lines 42--42
[]\OT1/jkp/m/n/12 16.10.2020.|  
 []


Overfull \hbox (6.59265pt too wide) in paragraph at lines 42--42
[]\OT1/jkp/m/n/12 28.10.2020.|  
 []


Overfull \hbox (6.59265pt too wide) in paragraph at lines 42--42
[]\OT1/jkp/m/n/12 31.10.2020.|  
 []


Overfull \hbox (6.59265pt too wide) in paragraph at lines 42--42
[]\OT1/jkp/m/n/12 31.10.2020.|  
 []


Overfull \hbox (6.59265pt too wide) in paragraph at lines 42--42
[]\OT1/jkp/m/n/12 09.11.2020.|  
 []


Overfull \hbox (6.59265pt too wide) in paragraph at lines 42--42
[]\OT1/jkp/m/n/12 11.11.2020.|  
 []


Overfull \hbox (6.59265pt too wide) in paragraph at lines 42--42
[]\OT1/jkp/m/n/12 11.11.2020.|  
 []


Overfull \hbox (6.59265pt too wide) in paragraph at lines 42--42
[]\OT1/jkp/m/n/12 11.11.2020.|  
 []


Overfull \hbox (6.59265pt too wide) in paragraph at lines 42--42
[]\OT1/jkp/m/n/12 31.12.2020.|  
 []

) [3


]
\openout2 = `Opis_projektnog_zadatka.aux'.

 (./Opis_projektnog_zadatka.tex
Poglavlje 2.

Overfull \hbox (7.2448pt too wide) in paragraph at lines 7--8
\OT1/jkp/m/n/12 nudi sli[]cna rje[]senja. Ve[]cina prona[]denih apli-ka-cija nu
di vrlo spe-cifi[]can na[]cin pomo[]ci,
 []


Underfull \hbox (badness 10000) in paragraph at lines 7--8

 []

<slike/mayo-hero.PNG, id=187, 501.875pt x 626.34pt>
File: slike/mayo-hero.PNG Graphic file (type png)
<use slike/mayo-hero.PNG>
Package pdftex.def Info: slike/mayo-hero.PNG  used on input line 11.
(pdftex.def)             Requested size: 100.37321pt x 125.26578pt.
[4




pdfTeX warning (ext4): destination with the same identifier (name{figure.2.1}) 
has been already used, duplicate ignored
<argument> ...shipout:D \box_use:N \l_shipout_box 
                                                  
l.19  D
       a bi korisnik napravio svoj korisniki raun, bit e potrebni: <./sli
ke/mayo-hero.png>]
LaTeX Font Info:    Trying to load font information for TS1+jkp on input line 2
2.

(d:/TexToPdf/texlive/2020/texmf-dist/tex/latex/kpfonts/ts1jkp.fd
File: ts1jkp.fd 2007/08/30 Fontinst v1.928 font definitions for TS1/jkp.
)
Overfull \hbox (11.24355pt too wide) in paragraph at lines 47--48
[]\OT1/jkp/m/it/12 Ante i Marko vide da teta Ma-rica treba pomo[]c i jave se na
 zah-tjev (mogu[]ci izvr[]sitelji). 
 []


Overfull \hbox (10.33519pt too wide) in paragraph at lines 50--51
\OT1/jkp/m/n/12 Kada je izvr[]sitelj oda-bran, raz-mje-njuju se kon-takt in-for
-ma-cije i kre[]ce pro-ces izvr[]senja
 []

[5]
Overfull \hbox (43.68875pt too wide) in paragraph at lines 56--59
\OT1/jkp/m/n/12 vi-djeti listu zah-tjeva koje je za-dao i izvr[]sio. Sus-tav om
ogu[]cuje i do-datne iz-vje[]staje/preglede,
 []

[6])
\openout2 = `Specifikacija_programske_potpore.aux'.

 (./Specifikacija_programske_potpore.tex
Poglavlje 3.
[7




] [8]
Overfull \hbox (6.21745pt too wide) in paragraph at lines 142--143
[]\OT1/jkp/m/n/12 Javnom ko-ris-niku is-pi-suje se po-ruka o po-gre[]sci lo-zin
ke ili ko-risni[]ckog
 []

[9]
Overfull \hbox (0.88928pt too wide) in paragraph at lines 164--165
[]\OT1/jkp/m/n/12 Korisnik u pri-kazu zah-tjeva bira op-ciju za pri-kaz po-ten-
ci-jal-nih izvr[]sitelja 
 []

[10] [11] [12] [13]
Overfull \hbox (3.19351pt too wide) in paragraph at lines 476--477
[]\OT1/jkp/m/n/12 Zahtjevi za koje je ko-ris-nik oda-bran kao izvr[]sitelj pri-
ka-zuju se unato[]c
 []

[14] [15]
Overfull \hbox (4.45328pt too wide) in paragraph at lines 590--591
[]\OT1/jkp/m/n/12 Svi ak-tivni zah-tjevi blo-ki-ra-nog ko-ris-nika za koje nije
 jo[]s oda-bran izvr[]sitelj
 []

[16]
<slike/admin.png, id=387, 421.575pt x 461.3235pt>
File: slike/admin.png Graphic file (type png)
<use slike/admin.png>
Package pdftex.def Info: slike/admin.png  used on input line 671.
(pdftex.def)             Requested size: 421.57396pt x 461.32237pt.
<slike/reg-log.png, id=388, 397.485pt x 409.53pt>
File: slike/reg-log.png Graphic file (type png)
<use slike/reg-log.png>
Package pdftex.def Info: slike/reg-log.png  used on input line 678.
(pdftex.def)             Requested size: 397.48402pt x 409.52899pt.
 [17pdfTeX warning (ext4): destination with the same identifier (name{figure.3.
1}) has been already used, duplicate ignored
<argument> ...shipout:D \box_use:N \l_shipout_box 
                                                  
l.682 				
           <./slike/admin.png>]
<slike/korisnik-profil.png, id=398, 495.0495pt x 446.8695pt>
File: slike/korisnik-profil.png Graphic file (type png)
<use slike/korisnik-profil.png>
Package pdftex.def Info: slike/korisnik-profil.png  used on input line 685.
(pdftex.def)             Requested size: 445.54042pt x 402.17883pt.

Overfull \hbox (9.92963pt too wide) in paragraph at lines 685--687
 [][] 
 []

[18pdfTeX warning (ext4): destination with the same identifier (name{figure.3.2
}) has been already used, duplicate ignored
<argument> ...shipout:D \box_use:N \l_shipout_box 
                                                  
l.689 				
           <./slike/reg-log.png>]
<slike/upravljanje-zahtjevima.png, id=407, 561.89925pt x 510.708pt>
File: slike/upravljanje-zahtjevima.png Graphic file (type png)
<use slike/upravljanje-zahtjevima.png>
Package pdftex.def Info: slike/upravljanje-zahtjevima.png  used on input line 6
92.
(pdftex.def)             Requested size: 505.70465pt x 459.63295pt.

Overfull \hbox (70.09386pt too wide) in paragraph at lines 692--694
 [][] 
 []

[19pdfTeX warning (ext4): destination with the same identifier (name{figure.3.3
}) has been already used, duplicate ignored
<argument> ...shipout:D \box_use:N \l_shipout_box 
                                                  
l.696 				\newpage
                   <./slike/korisnik-profil.png>] [20pdfTeX warning (ext4): des
tination with the same identifier (name{figure.3.4}) has been already used, dup
licate ignored
<argument> ...shipout:D \box_use:N \l_shipout_box 
                                                  
l.696 				\newpage
                   <./slike/upravljanje-zahtjevima.png>]
<slike/novi-zahtjev.png, id=422, 915.42pt x 566.115pt>
File: slike/novi-zahtjev.png Graphic file (type png)
<use slike/novi-zahtjev.png>
Package pdftex.def Info: slike/novi-zahtjev.png  used on input line 709.
(pdftex.def)             Requested size: 457.70888pt x 283.05681pt.

Overfull \hbox (22.09808pt too wide) in paragraph at lines 709--711
 [][] 
 []

[21pdfTeX warning (ext4): destination with the same identifier (name{figure.3.5
}) has been already used, duplicate ignored
<argument> ...shipout:D \box_use:N \l_shipout_box 
                                                  
l.713 				\newpage
                   <./slike/novi-zahtjev.png>]
<slike/pregled-zahtjeva.png, id=430, 552.26324pt x 476.37975pt>
File: slike/pregled-zahtjeva.png Graphic file (type png)
<use slike/pregled-zahtjeva.png>
Package pdftex.def Info: slike/pregled-zahtjeva.png  used on input line 721.
(pdftex.def)             Requested size: 386.58163pt x 333.46353pt.
 [22pdfTeX warning (ext4): destination with the same identifier (name{figure.3.
6}) has been already used, duplicate ignored
<argument> ...shipout:D \box_use:N \l_shipout_box 
                                                  
l.725 				\newpage
                   <./slike/pregled-zahtjeva.png>]
Overfull \hbox (5.9912pt too wide) in paragraph at lines 727--730
\OT1/jkp/m/n/12 Isprva ko-ris-nik []salje zah-tjev za pri-ka-zi-va-njem nje-go-
vih ak-tiv-nih zah-tjeva, poslu[]zitelj
 []

<slike/biranje-izvrsitelja.png, id=438, 648.62325pt x 516.12825pt>
File: slike/biranje-izvrsitelja.png Graphic file (type png)
<use slike/biranje-izvrsitelja.png>
Package pdftex.def Info: slike/biranje-izvrsitelja.png  used on input line 733.

(pdftex.def)             Requested size: 389.17694pt x 309.67934pt.
[23pdfTeX warning (ext4): destination with the same identifier (name{figure.3.7
}) has been already used, duplicate ignored
<argument> ...shipout:D \box_use:N \l_shipout_box 
                                                  
l.737 				\newpage
                   <./slike/biranje-izvrsitelja.png>]
Overfull \hbox (11.16876pt too wide) in paragraph at lines 739--742
\OT1/jkp/m/n/12 Izvr[]savanje kre[]ce tako da sus-tav []salje kon-takte izvr[]s
itelju i autoru. Na-kon izvr[]savanja
 []

<slike/izvrsavanje-visa-razina.png, id=446, 566.115pt x 391.4625pt>
File: slike/izvrsavanje-visa-razina.png Graphic file (type png)
<use slike/izvrsavanje-visa-razina.png>
Package pdftex.def Info: slike/izvrsavanje-visa-razina.png  used on input line 
745.
(pdftex.def)             Requested size: 367.97038pt x 254.4476pt.
[24pdfTeX warning (ext4): destination with the same identifier (name{figure.3.8
}) has been already used, duplicate ignored
<argument> ...shipout:D \box_use:N \l_shipout_box 
                                                  
l.750 				\newpage
                   <./slike/izvrsavanje-visa-razina.png>]
Overfull \hbox (16.91959pt too wide) in paragraph at lines 756--757
[]\OT1/jkp/m/n/12 Aplikacija treba biti iz-ve-dena kao web apli-ka-cija prilago
[]dena mo-bil-nom ure[]daju. 
 []

) [25]
\openout2 = `Arhitektura.aux'.

 (./Arhitektura.tex
Poglavlje 4.

Underfull \hbox (badness 10000) in paragraph at lines 4--7

 []


Overfull \hbox (2.74347pt too wide) in paragraph at lines 12--13
[]\OT1/jkp/b/n/12 Controller \OT1/jkp/m/n/12 { prima i obra[]duje zah-tjeve pos
lu[]zitelja. Svi se zah-tjevi proslje[]duju
 []

[26




]
<./slike//Arhitektura_sustava.pdf, id=465, 448.5558pt x 189.8292pt>
File: ./slike//Arhitektura_sustava.pdf Graphic file (type pdf)
<use ./slike//Arhitektura_sustava.pdf>
Package pdftex.def Info: ./slike//Arhitektura_sustava.pdf  used on input line 1
6.
(pdftex.def)             Requested size: 448.55469pt x 189.82872pt.

Overfull \hbox (12.9439pt too wide) in paragraph at lines 16--17
[][]
 []

[27pdfTeX warning (ext4): destination with the same identifier (name{figure.4.1
}) has been already used, duplicate ignored
<argument> ...shipout:D \box_use:N \l_shipout_box 
                                                  
l.42 			
         <./slike//Arhitektura_sustava.pdf

pdfTeX warning: pdflatex.exe (file ./slike//Arhitektura_sustava.pdf): PDF inclu
sion: invalid other resource which is no dict (key 'ProcSets', type <array>); i
gnored.
>]
Overfull \hbox (1.97845pt too wide) in paragraph at lines 64--64
[]|\OT1/jkp/m/n/12 VARCHAR| 
 []


Overfull \hbox (1.97845pt too wide) in paragraph at lines 64--64
[]|\OT1/jkp/m/n/12 VARCHAR| 
 []


Overfull \hbox (1.97845pt too wide) in paragraph at lines 64--64
[]|\OT1/jkp/m/n/12 VARCHAR| 
 []


Overfull \hbox (1.97845pt too wide) in paragraph at lines 64--64
[]|\OT1/jkp/m/n/12 VARCHAR| 
 []


Overfull \hbox (1.97845pt too wide) in paragraph at lines 64--64
[]|\OT1/jkp/m/n/12 VARCHAR| 
 []


Overfull \hbox (2.07445pt too wide) in paragraph at lines 64--64
[]|\OT1/jkp/m/n/12 BOOLEAN| 
 []


Overfull \hbox (1.97845pt too wide) in paragraph at lines 64--64
[]|\OT1/jkp/m/n/12 VARCHAR| 
 []


Overfull \hbox (2.07445pt too wide) in paragraph at lines 64--64
[]|\OT1/jkp/m/n/12 BOOLEAN| 
 []


Overfull \hbox (1.97845pt too wide) in paragraph at lines 64--64
[]|\OT1/jkp/m/n/12 VARCHAR| 
 []


Overfull \hbox (1.97845pt too wide) in paragraph at lines 64--64
[]|\OT1/jkp/m/n/12 VARCHAR| 
 []


Overfull \hbox (17.62482pt too wide) in paragraph at lines 64--65
[][] 
 []


Overfull \hbox (1.97845pt too wide) in paragraph at lines 86--86
[]|\OT1/jkp/m/n/12 VARCHAR| 
 []


Overfull \hbox (0.64648pt too wide) in paragraph at lines 86--86
[]|\OT1/jkp/m/n/12 NUMERIC| 
 []


Overfull \hbox (0.64648pt too wide) in paragraph at lines 86--86
[]|\OT1/jkp/m/n/12 NUMERIC| 
 []


Overfull \hbox (17.62482pt too wide) in paragraph at lines 86--87
[][] 
 []


Overfull \hbox (1.9496pt too wide) in paragraph at lines 90--92
[]\OT1/jkp/b/n/12 Ocjena \OT1/jkp/m/n/12 Ovaj en-ti-tet pred-stav-lja ocjenu ko
ju je-dan ko-ris-nik daje dru-gome. Sadr[]zi
 []


Overfull \hbox (2.27966pt too wide) in paragraph at lines 90--92
\OT1/jkp/m/n/12 atri-bute: ocje-naID, ko-men-tar, ocjena, ko-ris-ni-kID, zah-tj
e-vID, pri-ma-ko-ris-ni-kID. Ovaj
 []


Overfull \hbox (26.33118pt too wide) in paragraph at lines 90--92
\OT1/jkp/m/n/12 njuje), pri-ma-ko-ris-ni-kID(predstavlja ko-ris-nika ko-jeg se 
ocje-njuje) i zah-tje-vID(predstavlja
 []

[28]
Overfull \hbox (1.97845pt too wide) in paragraph at lines 106--106
[]|\OT1/jkp/m/n/12 VARCHAR| 
 []


Overfull \hbox (17.62482pt too wide) in paragraph at lines 106--107
[][] 
 []


Overfull \hbox (1.97845pt too wide) in paragraph at lines 132--132
[]|\OT1/jkp/m/n/12 VARCHAR| 
 []


Overfull \hbox (4.58244pt too wide) in paragraph at lines 132--132
[]|\OT1/jkp/m/n/12 DATETIME| 
 []


Overfull \hbox (1.97845pt too wide) in paragraph at lines 132--132
[]|\OT1/jkp/m/n/12 VARCHAR| 
 []


Overfull \hbox (1.97845pt too wide) in paragraph at lines 132--132
[]|\OT1/jkp/m/n/12 VARCHAR| 
 []


Overfull \hbox (1.88728pt too wide) in paragraph at lines 132--132
[]|\OT1/jkp/m/n/12 autorskikorisnikID| 
 []


Overfull \hbox (17.62482pt too wide) in paragraph at lines 132--133
[][] 
 []

[29]
Overfull \hbox (0.86246pt too wide) in paragraph at lines 147--147
[]|\OT1/jkp/m/n/12 korisnikID| 
 []


Overfull \hbox (17.62482pt too wide) in paragraph at lines 147--148
[][] 
 []


Overfull \hbox (1.97845pt too wide) in paragraph at lines 171--171
[]|\OT1/jkp/m/n/12 VARCHAR| 
 []


Overfull \hbox (2.07445pt too wide) in paragraph at lines 171--171
[]|\OT1/jkp/m/n/12 BOOLEAN| 
 []


Overfull \hbox (17.62482pt too wide) in paragraph at lines 171--172
[][] 
 []

[30]
<./slike//Relacijski_model.png, id=502, 1194.4625pt x 683.55376pt>
File: ./slike//Relacijski_model.png Graphic file (type png)
<use ./slike//Relacijski_model.png>
Package pdftex.def Info: ./slike//Relacijski_model.png  used on input line 180.

(pdftex.def)             Requested size: 527.93451pt x 302.11453pt.

Overfull \hbox (92.32372pt too wide) in paragraph at lines 180--181
[][]
 []

[31pdfTeX warning (ext4): destination with the same identifier (name{figure.4.2
}) has been already used, duplicate ignored
<argument> ...shipout:D \box_use:N \l_shipout_box 
                                                  
l.184 			\eject
                <./slike//Relacijski_model.png>]
Underfull \hbox (badness 10000) in paragraph at lines 192--194

 []


Underfull \hbox (badness 10000) in paragraph at lines 192--194

 []


Overfull \hbox (5.94319pt too wide) in paragraph at lines 197--199
\OT1/jkp/m/n/12 ka-cije te-me-lji se na pos-tav-kama u klasi \OT1/jkp/m/it/12 W
eb-Se-cu-rity\OT1/jkp/m/n/12 , ko-jom su de-fi-ni-ra-nja dopu[]stenja
 []

<slike/cs1.png, id=510, 645.41125pt x 805.0075pt>
File: slike/cs1.png Graphic file (type png)
<use slike/cs1.png>
Package pdftex.def Info: slike/cs1.png  used on input line 201.
(pdftex.def)             Requested size: 387.24974pt x 483.00824pt.
[32] [33pdfTeX warning (ext4): destination with the same identifier (name{figur
e.4.3}) has been already used, duplicate ignored
<argument> ...shipout:D \box_use:N \l_shipout_box 
                                                  
l.207 				\newpage
                   <./slike/cs1.png (PNG copy)>]
<slike/cs4.jpg, id=522, 1199.48125pt x 1512.65125pt>
File: slike/cs4.jpg Graphic file (type jpg)
<use slike/cs4.jpg>
Package pdftex.def Info: slike/cs4.jpg  used on input line 214.
(pdftex.def)             Requested size: 539.76158pt x 680.68678pt.

Overfull \hbox (104.15079pt too wide) in paragraph at lines 214--216
 [][] 
 []

[34]
Overfull \vbox (51.46057pt too high) has occurred while \output is active []


[35pdfTeX warning (ext4): destination with the same identifier (name{figure.4.4
}) has been already used, duplicate ignored
<argument> ...shipout:D \box_use:N \l_shipout_box 
                                                  
l.219 			
          <./slike/cs4.jpg>]
<slike/cs2.png, id=535, 1261.71375pt x 1591.9475pt>
File: slike/cs2.png Graphic file (type png)
<use slike/cs2.png>
Package pdftex.def Info: slike/cs2.png  used on input line 232.
(pdftex.def)             Requested size: 479.4562pt x 604.94633pt.

Overfull \hbox (43.84541pt too wide) in paragraph at lines 232--234
 [][] 
 []

[36] [37pdfTeX warning (ext4): destination with the same identifier (name{figur
e.4.5}) has been already used, duplicate ignored
<argument> ...shipout:D \box_use:N \l_shipout_box 
                                                  
l.238 				\newpage
                   <./slike/cs2.png (PNG copy)>]
<slike/cs3.png, id=548, 1426.32875pt x 1693.32625pt>
File: slike/cs3.png Graphic file (type png)
<use slike/cs3.png>
Package pdftex.def Info: slike/cs3.png  used on input line 246.
(pdftex.def)             Requested size: 542.01056pt x 643.47067pt.

Overfull \hbox (106.39977pt too wide) in paragraph at lines 246--248
 [][] 
 []

[38]
Overfull \vbox (14.24446pt too high) has occurred while \output is active []


[39pdfTeX warning (ext4): destination with the same identifier (name{figure.4.6
}) has been already used, duplicate ignored
<argument> ...shipout:D \box_use:N \l_shipout_box 
                                                  
l.251 			
          <./slike/cs3.png (PNG copy)>]
<slike/cs5.png, id=560, 809.0225pt x 762.85pt>
File: slike/cs5.png Graphic file (type png)
<use slike/cs5.png>
Package pdftex.def Info: slike/cs5.png  used on input line 257.
(pdftex.def)             Requested size: 485.41725pt x 457.71353pt.

Overfull \hbox (49.80646pt too wide) in paragraph at lines 257--259
 [][] 
 []

[40pdfTeX warning (ext4): destination with the same identifier (name{figure.4.7
}) has been already used, duplicate ignored
<argument> ...shipout:D \box_use:N \l_shipout_box 
                                                  
l.263 				\newpage
                   <./slike/cs5.png (PNG copy)>]
<slike/cs6.png, id=567, 1487.5575pt x 1106.1325pt>
File: slike/cs6.png Graphic file (type png)
<use slike/cs6.png>
Package pdftex.def Info: slike/cs6.png  used on input line 268.
(pdftex.def)             Requested size: 520.65292pt x 387.15218pt.

Overfull \hbox (85.04213pt too wide) in paragraph at lines 268--270
 [][] 
 []

[41pdfTeX warning (ext4): destination with the same identifier (name{figure.4.8
}) has been already used, duplicate ignored
<argument> ...shipout:D \box_use:N \l_shipout_box 
                                                  
l.283 			\eject
                <./slike/cs6.png (PNG copy)>]
<./slike//DijagramStanja.png, id=574, 1289.81876pt x 780.9175pt>
File: ./slike//DijagramStanja.png Graphic file (type png)
<use ./slike//DijagramStanja.png>
Package pdftex.def Info: ./slike//DijagramStanja.png  used on input line 292.
(pdftex.def)             Requested size: 521.1732pt x 315.54482pt.

Overfull \hbox (85.56241pt too wide) in paragraph at lines 292--293
[][]
 []


LaTeX Warning: `h' float specifier changed to `ht'.

[42]
<slike/dijagram_aktivnosti.png, id=581, 759.43726pt x 415.5525pt>
File: slike/dijagram_aktivnosti.png Graphic file (type png)
<use slike/dijagram_aktivnosti.png>
Package pdftex.def Info: slike/dijagram_aktivnosti.png  used on input line 304.

(pdftex.def)             Requested size: 455.66586pt x 249.33342pt.

Overfull \hbox (20.05507pt too wide) in paragraph at lines 304--306
 [][] 
 []

[43pdfTeX warning (ext4): destination with the same identifier (name{figure.4.9
}) has been already used, duplicate ignored
<argument> ...shipout:D \box_use:N \l_shipout_box 
                                                  
l.309 			
          <./slike//DijagramStanja.png>] [44pdfTeX warning (ext4): destination 
with the same identifier (name{figure.4.10}) has been already used, duplicate i
gnored
<argument> ...shipout:D \box_use:N \l_shipout_box 
                                                  
l.310 			\eject
                <./slike/dijagram_aktivnosti.png>]
Overfull \hbox (4.02881pt too wide) in paragraph at lines 330--333
\OT1/jkp/m/n/12 API-jem i pos-lov-nom lo-gi-kom apli-ka-cije. Pris-tup bazi na 
bac-kendu nudi se su[]celjem
 []

<./slike//dijagramKomponenti.png, id=595, 705.23476pt x 454.69875pt>
File: ./slike//dijagramKomponenti.png Graphic file (type png)
<use ./slike//dijagramKomponenti.png>
Package pdftex.def Info: ./slike//dijagramKomponenti.png  used on input line 33
5.
(pdftex.def)             Requested size: 520.64955pt x 335.6851pt.

Overfull \hbox (85.03876pt too wide) in paragraph at lines 335--336
[][]
 []

[45]) [46pdfTeX warning (ext4): destination with the same identifier (name{figu
re.4.11}) has been already used, duplicate ignored
<argument> ...shipout:D \box_use:N \l_shipout_box 
                                                  
l.118 	\include{Arhitektura}
                             <./slike//dijagramKomponenti.png>]
\openout2 = `Implementacija.aux'.


(./Implementacija.tex
Poglavlje 5.

Package hyperref Warning: Composite letter `\textasciicaron+c'
(hyperref)                not defined in PD1 encoding,
(hyperref)                removing `\textasciicaron' on input line 3.


Package hyperref Warning: Composite letter `\textasciicaron+c'
(hyperref)                not defined in PD1 encoding,
(hyperref)                removing `\textasciicaron' on input line 3.


Overfull \hbox (10.38434pt too wide) in paragraph at lines 3--3
|[]\OT1/jkp/b/n/24.88 Implementacija i ko-risni[]cko su[]celje| 
 []

[47




]
Underfull \hbox (badness 10000) in paragraph at lines 24--25

 []


Overfull \hbox (2.87764pt too wide) in paragraph at lines 46--47
[]\OT1/jkp/m/it/12 updateUser() \OT1/jkp/m/n/12 - unit tes-tovi za ovu me-todu 
is-pi-tuju baca li Il-le-ga-lAr-gu-men-tExcep-
 []


Overfull \hbox (17.44887pt too wide) in paragraph at lines 46--47
\OT1/jkp/m/n/12 tion kada mu pre-damo ko-ris-nika ko-jemu fali neki od oba-vez-
nih po-da-taka za a[]zuriranje
 []

[48]
<slike/unit_testovi.png, id=647, 540.21825pt x 469.15276pt>
File: slike/unit_testovi.png Graphic file (type png)
<use slike/unit_testovi.png>
Package pdftex.def Info: slike/unit_testovi.png  used on input line 70.
(pdftex.def)             Requested size: 432.17517pt x 375.32271pt.
 [49]
<<<<<<< HEAD
Underfull \hbox (badness 10000) in paragraph at lines 77--79

 []


Underfull \hbox (badness 10000) in paragraph at lines 80--85

 []

=======
LaTeX Font Info:    Trying to load font information for OT1+jkptt on input line
 79.
 (c:/texlive/2020/texmf-dist/tex/latex/kpfonts/ot1jkptt.fd
File: ot1jkptt.fd 2007/01/26 Fontinst v1.928 font definitions for OT1/jkptt.
)
Underfull \hbox (badness 10000) in paragraph at lines 79--80

 []

>>>>>>> docH
[50pdfTeX warning (ext4): destination with the same identifier (name{figure.5.1
}) has been already used, duplicate ignored
<argument> ...shipout:D \box_use:N \l_shipout_box 
                                                  
<<<<<<< HEAD
l.88 			\begin{packed_enum}
                            <./slike/unit_testovi.png>]
Underfull \hbox (badness 10000) in paragraph at lines 100--104

 []


Underfull \hbox (badness 10000) in paragraph at lines 105--107

 []

<slike/selenium-testing.png, id=659, 227.04825pt x 175.857pt>
File: slike/selenium-testing.png Graphic file (type png)
<use slike/selenium-testing.png>
Package pdftex.def Info: slike/selenium-testing.png  used on input line 119.
(pdftex.def)             Requested size: 272.45651pt x 211.02734pt.
[51] [52pdfTeX warning (ext4): destination with the same identifier (name{figur
e.5.2}) has been already used, duplicate ignored
<argument> ...shipout:D \box_use:N \l_shipout_box 
                                                  
l.127 			\eject
                <./slike/selenium-testing.png>]
<./slike//dijagramRazmjestaja.png, id=678, 511.9125pt x 349.305pt>
File: ./slike//dijagramRazmjestaja.png Graphic file (type png)
<use ./slike//dijagramRazmjestaja.png>
Package pdftex.def Info: ./slike//dijagramRazmjestaja.png  used on input line 1
44.
(pdftex.def)             Requested size: 491.9772pt x 335.6851pt.

Overfull \hbox (56.36641pt too wide) in paragraph at lines 144--145
[][]
 []

[53pdfTeX warning (ext4): destination with the same identifier (name{figure.5.3
}) has been already used, duplicate ignored
<argument> ...shipout:D \box_use:N \l_shipout_box 
                                                  
l.148 			\eject
                <./slike//dijagramRazmjestaja.png>]
Underfull \hbox (badness 10000) in paragraph at lines 152--153

 []

[54])
=======
l.84 			 	\item \textit
                       {\textbf{Selenium WebDriver} - podrka za pisanje is...
 <./slike/unit_testovi.png>] [51]
<./slike//dijagramRazmjestaja.png, id=669, 511.9125pt x 349.305pt>
File: ./slike//dijagramRazmjestaja.png Graphic file (type png)
<use ./slike//dijagramRazmjestaja.png>
Package pdftex.def Info: ./slike//dijagramRazmjestaja.png  used on input line 1
05.
(pdftex.def)             Requested size: 491.9772pt x 335.6851pt.

Overfull \hbox (56.36641pt too wide) in paragraph at lines 105--106
[][]
 []

[52pdfTeX warning (ext4): destination with the same identifier (name{figure.5.2
}) has been already used, duplicate ignored
<argument> ...shipout:D \box_use:N \l_shipout_box 
                                                  
l.109 			\eject
                <./slike//dijagramRazmjestaja.png>]
<slike/deployment_slike/awshome.png, id=678, 953.81343pt x 637.63219pt>
File: slike/deployment_slike/awshome.png Graphic file (type png)
<use slike/deployment_slike/awshome.png>
Package pdftex.def Info: slike/deployment_slike/awshome.png  used on input line
 118.
(pdftex.def)             Requested size: 476.90555pt x 318.8153pt.

Overfull \hbox (41.29475pt too wide) in paragraph at lines 118--120
 [][] 
 []

[53pdfTeX warning (ext4): destination with the same identifier (name{figure.5.3
}) has been already used, duplicate ignored
<argument> ...shipout:D \box_use:N \l_shipout_box 
                                                  
l.125 			
          <./slike/deployment_slike/awshome.png>]
<slike/deployment_slike/launchingInstance.png, id=688, 1084.05pt x 625.58719pt>

File: slike/deployment_slike/launchingInstance.png Graphic file (type png)
<use slike/deployment_slike/launchingInstance.png>
Package pdftex.def Info: slike/deployment_slike/launchingInstance.png  used on 
input line 169.
(pdftex.def)             Requested size: 435.6108pt x 251.38547pt.


LaTeX Warning: `h' float specifier changed to `ht'.

<slike/deployment_slike/virtualOS.png, id=689, 1120.185pt x 180.675pt>
File: slike/deployment_slike/virtualOS.png Graphic file (type png)
<use slike/deployment_slike/virtualOS.png>
Package pdftex.def Info: slike/deployment_slike/virtualOS.png  used on input li
ne 175.
(pdftex.def)             Requested size: 435.6108pt x 70.25894pt.

LaTeX Warning: `h' float specifier changed to `ht'.

<slike/deployment_slike/instanceType.png, id=690, 1429.59094pt x 627.84563pt>
File: slike/deployment_slike/instanceType.png Graphic file (type png)
<use slike/deployment_slike/instanceType.png>
Package pdftex.def Info: slike/deployment_slike/instanceType.png  used on input
 line 181.
(pdftex.def)             Requested size: 435.6108pt x 191.30582pt.

LaTeX Warning: `h' float specifier changed to `ht'.

<slike/deployment_slike/mojeInstance.png, id=691, 962.84718pt x 295.85532pt>
File: slike/deployment_slike/mojeInstance.png Graphic file (type png)
<use slike/deployment_slike/mojeInstance.png>
Package pdftex.def Info: slike/deployment_slike/mojeInstance.png  used on input
 line 187.
(pdftex.def)             Requested size: 435.6108pt x 133.84692pt.

LaTeX Warning: `h' float specifier changed to `ht'.

<slike/deployment_slike/instanceConnect.png, id=692, 589.4522pt x 320.69812pt>
File: slike/deployment_slike/instanceConnect.png Graphic file (type png)
<use slike/deployment_slike/instanceConnect.png>
Package pdftex.def Info: slike/deployment_slike/instanceConnect.png  used on in
put line 193.
(pdftex.def)             Requested size: 435.6108pt x 236.9997pt.

LaTeX Warning: `h' float specifier changed to `ht'.

<slike/deployment_slike/browserTerminal.png, id=693, 721.94719pt x 654.19406pt>

File: slike/deployment_slike/browserTerminal.png Graphic file (type png)
<use slike/deployment_slike/browserTerminal.png>
Package pdftex.def Info: slike/deployment_slike/browserTerminal.png  used on in
put line 199.
(pdftex.def)             Requested size: 435.6108pt x 394.72552pt.

LaTeX Warning: `h' float specifier changed to `ht'.

[54]) [55pdfTeX warning (ext4): destination with the same identifier (name{figu
re.5.4}) has been already used, duplicate ignored
<argument> ...shipout:D \box_use:N \l_shipout_box 
                                                  
l.119 	\include{Implementacija}
                               pdfTeX warning (ext4): destination with the same
 identifier (name{figure.5.5}) has been already used, duplicate ignored
<argument> ...shipout:D \box_use:N \l_shipout_box 
                                                  
l.119 	\include{Implementacija}
                               pdfTeX warning (ext4): destination with the same
 identifier (name{figure.5.6}) has been already used, duplicate ignored
<argument> ...shipout:D \box_use:N \l_shipout_box 
                                                  
l.119 	\include{Implementacija}
                                <./slike/deployment_slike/launchingInstance.png
> <./slike/deployment_slike/virtualOS.png> <./slike/deployment_slike/instanceTy
pe.png>] [56pdfTeX warning (ext4): destination with the same identifier (name{f
igure.5.7}) has been already used, duplicate ignored
<argument> ...shipout:D \box_use:N \l_shipout_box 
                                                  
l.119 	\include{Implementacija}
                               pdfTeX warning (ext4): destination with the same
 identifier (name{figure.5.8}) has been already used, duplicate ignored
<argument> ...shipout:D \box_use:N \l_shipout_box 
                                                  
l.119 	\include{Implementacija}
                                <./slike/deployment_slike/mojeInstance.png> <./
slike/deployment_slike/instanceConnect.png>] [57pdfTeX warning (ext4): destinat
ion with the same identifier (name{figure.5.9}) has been already used, duplicat
e ignored
<argument> ...shipout:D \box_use:N \l_shipout_box 
                                                  
l.119 	\include{Implementacija}
                                <./slike/deployment_slike/browserTerminal.png>]
>>>>>>> docH
\openout2 = `Zakljucak.aux'.

(./Zakljucak.tex
Poglavlje 6.

Package hyperref Warning: Composite letter `\textasciicaron+c'
(hyperref)                not defined in PD1 encoding,
(hyperref)                removing `\textasciicaron' on input line 1.


Underfull \hbox (badness 10000) in paragraph at lines 3--4

 []


Package hyperref Warning: Composite letter `\textasciicaron+c'
(hyperref)                not defined in PD1 encoding,
(hyperref)                removing `\textasciicaron' on input line 9.


Underfull \hbox (badness 10000) in paragraph at lines 13--15

 []


Package hyperref Warning: Composite letter `\textasciicaron+c'
(hyperref)                not defined in PD1 encoding,
(hyperref)                removing `\textasciicaron' on input line 16.

<<<<<<< HEAD
[55
=======
[58
>>>>>>> docH




<<<<<<< HEAD
] [56]
=======
] [59]
>>>>>>> docH
Underfull \hbox (badness 10000) in paragraph at lines 28--29

 []


Underfull \hbox (badness 10000) in paragraph at lines 30--31

 []


Overfull \hbox (20.84473pt too wide) in paragraph at lines 33--34
\OT1/jkp/m/n/12 apli-ka-cije te bo-lji \OT1/jkp/m/it/12 user expe-ri-ence \OT1/
jkp/m/n/12 do-datne im-ple-men-ta-cija funk-ci-onal-nosti pre-tra[]zivanja
 []


Underfull \hbox (badness 10000) in paragraph at lines 33--34

 []

<<<<<<< HEAD
[57]
=======
[60]
>>>>>>> docH

Package hyperref Warning: Composite letter `\textasciicaron+c'
(hyperref)                not defined in PD1 encoding,
(hyperref)                removing `\textasciicaron' on input line 46.

<<<<<<< HEAD
[58])
=======
[61])
>>>>>>> docH
\openout2 = `Literatura.aux'.

 (./Literatura.tex
LaTeX Font Info:    Trying to load font information for OT1+jkptt on input line
 12.

(d:/TexToPdf/texlive/2020/texmf-dist/tex/latex/kpfonts/ot1jkptt.fd
File: ot1jkptt.fd 2007/01/26 Fontinst v1.928 font definitions for OT1/jkptt.
)
Overfull \hbox (8.89293pt too wide) in paragraph at lines 12--13
[]\OT1/jkp/m/n/12 Programsko in[]zenjerstvo, FER ZE-MRIS, [][]$\OT1/jkptt/m/n/1
2 http : / / www . fer . hr / predmet / proinz$[][] 
 []


Overfull \hbox (7.06pt too wide) in paragraph at lines 18--19
\OT1/jkp/m/n/12 ter En-gi-ne-ering, Rut-gers Uni-ver-sity, [][]$\OT1/jkptt/m/n/
12 http : / / www . ece . rutgers . edu / []marsic /
 []

<<<<<<< HEAD
) [59
=======
) [62
>>>>>>> docH




] (./PROGI_ProjektnaDokumentacija_v6.lof)
\tf@lof=\write5
\openout5 = `PROGI_ProjektnaDokumentacija_v6.lof'.

<<<<<<< HEAD
 [60



]
\openout2 = `Dodatak.aux'.

 (./Dodatak.tex [61
=======
 [63



] [64]
\openout2 = `Dodatak.aux'.

 (./Dodatak.tex
[65
>>>>>>> docH


]
Underfull \hbox (badness 10000) in paragraph at lines 101--102

 []

<<<<<<< HEAD
[62] [63]
=======
[66] [67]
>>>>>>> docH
Underfull \hbox (badness 10000) in paragraph at lines 131--132

 []

<<<<<<< HEAD
[64] [65]
=======
[68] [69]
>>>>>>> docH
Underfull \hbox (badness 10000) in paragraph at lines 196--197

 []

<<<<<<< HEAD
) [66] 
=======
) [70] 
>>>>>>> docH
AED: lastpage setting LastPage
(./PROGI_ProjektnaDokumentacija_v6.aux (./Dnevnik_promjena_dokumentacije.aux)
(./Opis_projektnog_zadatka.aux) (./Specifikacija_programske_potpore.aux)
(./Arhitektura.aux) (./Implementacija.aux) (./Zakljucak.aux) (./Literatura.aux)
(./Dodatak.aux))
Package rerunfilecheck Info: File `PROGI_ProjektnaDokumentacija_v6.out' has not
 changed.
(rerunfilecheck)             Checksum: 3C5A8F89A8320875461218B391B7F3BE;2142.
 ) 
Here is how much of TeX's memory you used:
<<<<<<< HEAD
 12735 strings out of 479497
 183462 string characters out of 5871915
 574071 words of memory out of 5000000
 29076 multiletter control sequences out of 15000+600000
 589603 words of font info for 150 fonts, out of 8000000 for 9000
 1141 hyphenation exceptions out of 8191
 93i,14n,98p,1059b,607s stack positions out of 5000i,500n,10000p,200000b,80000s
pdfTeX warning (dest): name{Hfootnote.14} has been referenced but does not ex
=======
 12777 strings out of 479917
 182871 string characters out of 5886664
 570242 words of memory out of 5000000
 28681 multiletter control sequences out of 15000+600000
 590401 words of font info for 153 fonts, out of 8000000 for 9000
 1141 hyphenation exceptions out of 8191
 93i,14n,98p,1062b,607s stack positions out of 5000i,500n,10000p,200000b,80000s
pdfTeX warning (dest): name{Hfootnote.15} has been referenced but does not ex
>>>>>>> docH
ist, replaced by a fixed one

pdfTeX warning (dest): name{Hfootnote.13} has been referenced but does not exis
t, replaced by a fixed one

pdfTeX warning (dest): name{Hfootnote.12} has been referenced but does not exis
t, replaced by a fixed one

pdfTeX warning (dest): name{Hfootnote.11} has been referenced but does not exis
t, replaced by a fixed one

pdfTeX warning (dest): name{Hfootnote.10} has been referenced but does not exis
t, replaced by a fixed one

pdfTeX warning (dest): name{Hfootnote.9} has been referenced but does not exist
, replaced by a fixed one

pdfTeX warning (dest): name{Hfootnote.8} has been referenced but does not exist
, replaced by a fixed one

pdfTeX warning (dest): name{Hfootnote.7} has been referenced but does not exist
, replaced by a fixed one

pdfTeX warning (dest): name{Hfootnote.6} has been referenced but does not exist
, replaced by a fixed one

pdfTeX warning (dest): name{Hfootnote.5} has been referenced but does not exist
, replaced by a fixed one

pdfTeX warning (dest): name{Hfootnote.4} has been referenced but does not exist
, replaced by a fixed one

pdfTeX warning (dest): name{Hfootnote.3} has been referenced but does not exist
, replaced by a fixed one

pdfTeX warning (dest): name{Hfootnote.2} has been referenced but does not exist
, replaced by a fixed one

pdfTeX warning (dest): name{Hfootnote.1} has been referenced but does not exist
, replaced by a fixed one

<<<<<<< HEAD
{d:/TexToPdf/texlive/2020/texmf-dist/fonts/enc/dvips/base/8r.enc}<d:/TexToPdf/t
exlive/2020/texmf-dist/fonts/type1/public/kpfonts/jkpbit8a.pfb><d:/TexToPdf/tex
live/2020/texmf-dist/fonts/type1/public/kpfonts/jkpbn8a.pfb><d:/TexToPdf/texliv
e/2020/texmf-dist/fonts/type1/public/kpfonts/jkpmi.pfb><d:/TexToPdf/texlive/202
0/texmf-dist/fonts/type1/public/kpfonts/jkpmit8a.pfb><d:/TexToPdf/texlive/2020/
texmf-dist/fonts/type1/public/kpfonts/jkpmn8a.pfb><d:/TexToPdf/texlive/2020/tex
mf-dist/fonts/type1/public/kpfonts/jkpttmn8a.pfb>
Output written on PROGI_ProjektnaDokumentacija_v6.pdf (67 pages, 1731466 bytes)
.
PDF statistics:
 894 PDF objects out of 1000 (max. 8388607)
 772 compressed objects within 8 object streams
 290 named destinations out of 1000 (max. 500000)
 364 words of extra memory for PDF output out of 10000 (max. 10000000)
=======
{c:/texlive/2020/texmf-dist/fonts/enc/dvips/base/8r.enc}<c:/texlive/2020/texmf-
dist/fonts/type1/public/kpfonts/jkpbit8a.pfb><c:/texlive/2020/texmf-dist/fonts/
type1/public/kpfonts/jkpbn8a.pfb><c:/texlive/2020/texmf-dist/fonts/type1/public
/kpfonts/jkpmi.pfb><c:/texlive/2020/texmf-dist/fonts/type1/public/kpfonts/jkpmi
t8a.pfb><c:/texlive/2020/texmf-dist/fonts/type1/public/kpfonts/jkpmn8a.pfb><c:/
texlive/2020/texmf-dist/fonts/type1/public/kpfonts/jkpsy.pfb><c:/texlive/2020/t
exmf-dist/fonts/type1/public/kpfonts/jkpttmn8a.pfb>
Output written on PROGI_ProjektnaDokumentacija_v6.pdf (71 pages, 2149696 bytes)
.
PDF statistics:
 941 PDF objects out of 1000 (max. 8388607)
 803 compressed objects within 9 object streams
 296 named destinations out of 1000 (max. 500000)
 394 words of extra memory for PDF output out of 10000 (max. 10000000)
>>>>>>> docH

